This file contains any messages produced by compilers while
running configure, to aid debugging if configure makes a mistake.

It was created by readline configure 6.3, which was
generated by GNU Autoconf 2.68.  Invocation command line was

  $ ./configure --prefix=/Users/habarahideaki/Documents/hayashi/epochmate/visiter/include/readline-6.3/../../ --with-curses

## --------- ##
## Platform. ##
## --------- ##

hostname = mpetpro.local
uname -m = x86_64
uname -r = 15.5.0
uname -s = Darwin
uname -v = Darwin Kernel Version 15.5.0: Tue Apr 19 18:36:36 PDT 2016; root:xnu-3248.50.21~8/RELEASE_X86_64

/usr/bin/uname -p = i386
/bin/uname -X     = unknown

/bin/arch              = unknown
/usr/bin/arch -k       = unknown
/usr/convex/getsysinfo = unknown
/usr/bin/hostinfo      = Mach kernel version:
	 Darwin Kernel Version 15.5.0: Tue Apr 19 18:36:36 PDT 2016; root:xnu-3248.50.21~8/RELEASE_X86_64
Kernel configured for up to 24 processors.
12 processors are physically available.
24 processors are logically available.
Processor type: i486 (Intel 80486)
Processors active: 0 1 2 3 4 5 6 7 8 9 10 11 12 13 14 15 16 17 18 19 20 21 22 23
Primary memory available: 64.00 gigabytes
Default processor set: 268 tasks, 1215 threads, 24 processors
Load average: 2.28, Mach factor: 21.71
/bin/machine           = unknown
/usr/bin/oslevel       = unknown
/bin/universe          = unknown

PATH: /usr/local/bin
PATH: /usr/bin
PATH: /Applications/VisIt.app/Contents/Resources/bin
PATH: /Users/habarahideaki/Documents/hayashi/cmake/bin
PATH: /Users/habarahideaki/Documents/hayashi/mpi/bin
PATH: /Users/habarahideaki/Documents/hayashi/bin
PATH: /usr/local/bin
PATH: /Users/habarahideaki/usr/bin
PATH: /Applications/VisIt.app/Contents/Resources/bin
PATH: /Users/habarahideaki/Documents/hayashi/cmake/bin
PATH: /Users/habarahideaki/Documents/hayashi/mpi/bin
PATH: /Users/habarahideaki/Documents/hayashi/bin
PATH: /usr/local/bin
PATH: /Applications/VisIt.app/Contents/Resources/bin
PATH: /Users/habarahideaki/Documents/hayashi/cmake/bin
PATH: /Users/habarahideaki/Documents/hayashi/mpi/bin
PATH: /Users/habarahideaki/Documents/hayashi/bin
PATH: /usr/local/bin
PATH: /Applications/VisIt.app/Contents/Resources/bin
PATH: /Users/habarahideaki/Documents/hayashi/cmake/bin
PATH: /Users/habarahideaki/Documents/hayashi/mpi/bin
PATH: /Users/habarahideaki/Documents/hayashi/bin
PATH: /Applications/VisIt.app/Contents/Resources/bin
PATH: /Users/habarahideaki/Documents/hayashi/cmake/bin
PATH: /Users/habarahideaki/Documents/hayashi/mpi/bin
PATH: /Users/habarahideaki/Documents/hayashi/bin
PATH: /Applications/VisIt.app/Contents/Resources/bin
PATH: /Users/habarahideaki/Documents/hayashi/cmake/bin
PATH: /Users/habarahideaki/Documents/hayashi/mpi/bin
PATH: /Users/habarahideaki/Documents/hayashi/bin
PATH: /Applications/VisIt.app/Contents/Resources/bin
PATH: /Users/habarahideaki/Documents/hayashi/cmake/bin
PATH: /Users/habarahideaki/Documents/hayashi/mpi/bin
PATH: /Users/habarahideaki/Documents/hayashi/bin
PATH: /sw/bin
PATH: /sw/sbin
PATH: /opt/local/bin
PATH: /opt/local/sbin
PATH: /opt/local/bin
PATH: /opt/local/sbin
PATH: /usr/bin
PATH: /bin
PATH: /usr/sbin
PATH: /sbin
PATH: /usr/local/bin
PATH: /opt/X11/bin
PATH: /usr/X11R6/bin


## ----------- ##
## Core tests. ##
## ----------- ##

configure:2282: checking build system type
configure:2296: result: x86_64-apple-darwin15.5.0
configure:2316: checking host system type
configure:2329: result: x86_64-apple-darwin15.5.0
configure:2435: checking whether make sets $(MAKE)
configure:2457: result: yes
configure:2514: checking for gcc
configure:2541: result: /usr/local/bin/gcc
configure:2770: checking for C compiler version
configure:2779: /usr/local/bin/gcc --version >&5
gcc (GCC) 6.2.0
Copyright (C) 2016 Free Software Foundation, Inc.
This is free software; see the source for copying conditions.  There is NO
warranty; not even for MERCHANTABILITY or FITNESS FOR A PARTICULAR PURPOSE.

configure:2790: $? = 0
configure:2779: /usr/local/bin/gcc -v >&5
Using built-in specs.
COLLECT_GCC=/usr/local/bin/gcc
COLLECT_LTO_WRAPPER=/usr/local/libexec/gcc/x86_64-apple-darwin15.5.0/6.2.0/lto-wrapper
Target: x86_64-apple-darwin15.5.0
Configured with: ./configure
Thread model: posix
gcc version 6.2.0 (GCC) 
configure:2790: $? = 0
configure:2779: /usr/local/bin/gcc -V >&5
gcc: error: unrecognized command line option '-V'
gcc: fatal error: no input files
compilation terminated.
configure:2790: $? = 1
configure:2779: /usr/local/bin/gcc -qversion >&5
gcc: error: unrecognized command line option '-qversion'; did you mean '--version'?
gcc: fatal error: no input files
compilation terminated.
configure:2790: $? = 1
configure:2810: checking whether the C compiler works
configure:2832: /usr/local/bin/gcc -g   conftest.c  >&5
configure:2836: $? = 0
configure:2884: result: yes
configure:2887: checking for C compiler default output file name
configure:2889: result: a.out
configure:2895: checking for suffix of executables
configure:2902: /usr/local/bin/gcc -o conftest -g   conftest.c  >&5
configure:2906: $? = 0
configure:2928: result: 
configure:2950: checking whether we are cross compiling
configure:2958: /usr/local/bin/gcc -o conftest -g   conftest.c  >&5
configure:2962: $? = 0
configure:2969: ./conftest
configure:2973: $? = 0
configure:2988: result: no
configure:2993: checking for suffix of object files
configure:3015: /usr/local/bin/gcc -c -g  conftest.c >&5
configure:3019: $? = 0
configure:3040: result: o
configure:3044: checking whether we are using the GNU C compiler
configure:3063: /usr/local/bin/gcc -c -g  conftest.c >&5
configure:3063: $? = 0
configure:3072: result: yes
configure:3081: checking whether /usr/local/bin/gcc accepts -g
configure:3101: /usr/local/bin/gcc -c -g  conftest.c >&5
configure:3101: $? = 0
configure:3142: result: yes
configure:3159: checking for /usr/local/bin/gcc option to accept ISO C89
configure:3223: /usr/local/bin/gcc  -c -g  conftest.c >&5
configure:3223: $? = 0
configure:3236: result: none needed
configure:3262: checking how to run the C preprocessor
configure:3293: /usr/local/bin/gcc -E  conftest.c
configure:3293: $? = 0
configure:3307: /usr/local/bin/gcc -E  conftest.c
conftest.c:9:28: fatal error: ac_nonexistent.h: No such file or directory
 #include <ac_nonexistent.h>
                            ^
compilation terminated.
configure:3307: $? = 1
configure: failed program was:
| /* confdefs.h */
| #define PACKAGE_NAME "readline"
| #define PACKAGE_TARNAME "readline"
| #define PACKAGE_VERSION "6.3"
| #define PACKAGE_STRING "readline 6.3"
| #define PACKAGE_BUGREPORT "bug-readline@gnu.org"
| #define PACKAGE_URL ""
| /* end confdefs.h.  */
| #include <ac_nonexistent.h>
configure:3332: result: /usr/local/bin/gcc -E
configure:3352: /usr/local/bin/gcc -E  conftest.c
configure:3352: $? = 0
configure:3366: /usr/local/bin/gcc -E  conftest.c
conftest.c:9:28: fatal error: ac_nonexistent.h: No such file or directory
 #include <ac_nonexistent.h>
                            ^
compilation terminated.
configure:3366: $? = 1
configure: failed program was:
| /* confdefs.h */
| #define PACKAGE_NAME "readline"
| #define PACKAGE_TARNAME "readline"
| #define PACKAGE_VERSION "6.3"
| #define PACKAGE_STRING "readline 6.3"
| #define PACKAGE_BUGREPORT "bug-readline@gnu.org"
| #define PACKAGE_URL ""
| /* end confdefs.h.  */
| #include <ac_nonexistent.h>
configure:3395: checking for grep that handles long lines and -e
configure:3453: result: /usr/bin/grep
configure:3458: checking for egrep
configure:3520: result: /usr/bin/grep -E
configure:3525: checking for ANSI C header files
configure:3545: /usr/local/bin/gcc -c -g  conftest.c >&5
configure:3545: $? = 0
configure:3618: /usr/local/bin/gcc -o conftest -g   conftest.c  >&5
configure:3618: $? = 0
configure:3618: ./conftest
configure:3618: $? = 0
configure:3629: result: yes
configure:3642: checking for sys/types.h
configure:3642: /usr/local/bin/gcc -c -g  conftest.c >&5
configure:3642: $? = 0
configure:3642: result: yes
configure:3642: checking for sys/stat.h
configure:3642: /usr/local/bin/gcc -c -g  conftest.c >&5
configure:3642: $? = 0
configure:3642: result: yes
configure:3642: checking for stdlib.h
configure:3642: /usr/local/bin/gcc -c -g  conftest.c >&5
configure:3642: $? = 0
configure:3642: result: yes
configure:3642: checking for string.h
configure:3642: /usr/local/bin/gcc -c -g  conftest.c >&5
configure:3642: $? = 0
configure:3642: result: yes
configure:3642: checking for memory.h
configure:3642: /usr/local/bin/gcc -c -g  conftest.c >&5
configure:3642: $? = 0
configure:3642: result: yes
configure:3642: checking for strings.h
configure:3642: /usr/local/bin/gcc -c -g  conftest.c >&5
configure:3642: $? = 0
configure:3642: result: yes
configure:3642: checking for inttypes.h
configure:3642: /usr/local/bin/gcc -c -g  conftest.c >&5
configure:3642: $? = 0
configure:3642: result: yes
configure:3642: checking for stdint.h
configure:3642: /usr/local/bin/gcc -c -g  conftest.c >&5
configure:3642: $? = 0
configure:3642: result: yes
configure:3642: checking for unistd.h
configure:3642: /usr/local/bin/gcc -c -g  conftest.c >&5
configure:3642: $? = 0
configure:3642: result: yes
configure:3655: checking minix/config.h usability
configure:3655: /usr/local/bin/gcc -c -g  conftest.c >&5
conftest.c:52:26: fatal error: minix/config.h: No such file or directory
 #include <minix/config.h>
                          ^
compilation terminated.
configure:3655: $? = 1
configure: failed program was:
| /* confdefs.h */
| #define PACKAGE_NAME "readline"
| #define PACKAGE_TARNAME "readline"
| #define PACKAGE_VERSION "6.3"
| #define PACKAGE_STRING "readline 6.3"
| #define PACKAGE_BUGREPORT "bug-readline@gnu.org"
| #define PACKAGE_URL ""
| #define STDC_HEADERS 1
| #define HAVE_SYS_TYPES_H 1
| #define HAVE_SYS_STAT_H 1
| #define HAVE_STDLIB_H 1
| #define HAVE_STRING_H 1
| #define HAVE_MEMORY_H 1
| #define HAVE_STRINGS_H 1
| #define HAVE_INTTYPES_H 1
| #define HAVE_STDINT_H 1
| #define HAVE_UNISTD_H 1
| /* end confdefs.h.  */
| #include <stdio.h>
| #ifdef HAVE_SYS_TYPES_H
| # include <sys/types.h>
| #endif
| #ifdef HAVE_SYS_STAT_H
| # include <sys/stat.h>
| #endif
| #ifdef STDC_HEADERS
| # include <stdlib.h>
| # include <stddef.h>
| #else
| # ifdef HAVE_STDLIB_H
| #  include <stdlib.h>
| # endif
| #endif
| #ifdef HAVE_STRING_H
| # if !defined STDC_HEADERS && defined HAVE_MEMORY_H
| #  include <memory.h>
| # endif
| # include <string.h>
| #endif
| #ifdef HAVE_STRINGS_H
| # include <strings.h>
| #endif
| #ifdef HAVE_INTTYPES_H
| # include <inttypes.h>
| #endif
| #ifdef HAVE_STDINT_H
| # include <stdint.h>
| #endif
| #ifdef HAVE_UNISTD_H
| # include <unistd.h>
| #endif
| #include <minix/config.h>
configure:3655: result: no
configure:3655: checking minix/config.h presence
configure:3655: /usr/local/bin/gcc -E  conftest.c
conftest.c:19:26: fatal error: minix/config.h: No such file or directory
 #include <minix/config.h>
                          ^
compilation terminated.
configure:3655: $? = 1
configure: failed program was:
| /* confdefs.h */
| #define PACKAGE_NAME "readline"
| #define PACKAGE_TARNAME "readline"
| #define PACKAGE_VERSION "6.3"
| #define PACKAGE_STRING "readline 6.3"
| #define PACKAGE_BUGREPORT "bug-readline@gnu.org"
| #define PACKAGE_URL ""
| #define STDC_HEADERS 1
| #define HAVE_SYS_TYPES_H 1
| #define HAVE_SYS_STAT_H 1
| #define HAVE_STDLIB_H 1
| #define HAVE_STRING_H 1
| #define HAVE_MEMORY_H 1
| #define HAVE_STRINGS_H 1
| #define HAVE_INTTYPES_H 1
| #define HAVE_STDINT_H 1
| #define HAVE_UNISTD_H 1
| /* end confdefs.h.  */
| #include <minix/config.h>
configure:3655: result: no
configure:3655: checking for minix/config.h
configure:3655: result: no
configure:3676: checking whether it is safe to define __EXTENSIONS__
configure:3694: /usr/local/bin/gcc -c -g  conftest.c >&5
configure:3694: $? = 0
configure:3701: result: yes
configure:3721: checking whether /usr/local/bin/gcc needs -traditional
conftest.c:24:20: fatal error: termio.h: No such file or directory
 #include <termio.h>
                    ^
compilation terminated.
configure:3755: result: no
configure:3776: checking for a BSD-compatible install
configure:3844: result: /usr/bin/install -c
configure:3898: checking for ar
configure:3914: found /usr/bin/ar
configure:3925: result: ar
configure:3991: checking for ranlib
configure:4007: found /usr/bin/ranlib
configure:4018: result: ranlib
configure:4044: checking for an ANSI C-conforming const
configure:4109: /usr/local/bin/gcc -c -g -O  conftest.c >&5
configure:4109: $? = 0
configure:4116: result: yes
configure:4124: checking for function prototypes
configure:4127: result: yes
configure:4140: checking whether char is unsigned
configure:4158: /usr/local/bin/gcc -c -g -O  conftest.c >&5
configure:4158: $? = 0
configure:4165: result: no
configure:4172: checking for working volatile
configure:4191: /usr/local/bin/gcc -c -g -O  conftest.c >&5
configure:4191: $? = 0
configure:4198: result: yes
configure:4207: checking return type of signal handlers
configure:4225: /usr/local/bin/gcc -c -g -O  conftest.c >&5
conftest.c: In function 'main':
conftest.c:32:10: error: void value not ignored as it ought to be
 return *(signal (0, 0)) (0) == 1;
         ~^~~~~~~~~~~~~~~~~~
configure:4225: $? = 1
configure: failed program was:
| /* confdefs.h */
| #define PACKAGE_NAME "readline"
| #define PACKAGE_TARNAME "readline"
| #define PACKAGE_VERSION "6.3"
| #define PACKAGE_STRING "readline 6.3"
| #define PACKAGE_BUGREPORT "bug-readline@gnu.org"
| #define PACKAGE_URL ""
| #define STDC_HEADERS 1
| #define HAVE_SYS_TYPES_H 1
| #define HAVE_SYS_STAT_H 1
| #define HAVE_STDLIB_H 1
| #define HAVE_STRING_H 1
| #define HAVE_MEMORY_H 1
| #define HAVE_STRINGS_H 1
| #define HAVE_INTTYPES_H 1
| #define HAVE_STDINT_H 1
| #define HAVE_UNISTD_H 1
| #define __EXTENSIONS__ 1
| #define _ALL_SOURCE 1
| #define _GNU_SOURCE 1
| #define _POSIX_PTHREAD_SEMANTICS 1
| #define _TANDEM_SOURCE 1
| #define PROTOTYPES 1
| #define __PROTOTYPES 1
| /* end confdefs.h.  */
| #include <sys/types.h>
| #include <signal.h>
| 
| int
| main ()
| {
| return *(signal (0, 0)) (0) == 1;
|   ;
|   return 0;
| }
configure:4232: result: void
configure:4241: checking for size_t
configure:4241: /usr/local/bin/gcc -c -g -O  conftest.c >&5
configure:4241: $? = 0
configure:4241: /usr/local/bin/gcc -c -g -O  conftest.c >&5
conftest.c: In function 'main':
conftest.c:63:21: error: expected expression before ')' token
 if (sizeof ((size_t)))
                     ^
configure:4241: $? = 1
configure: failed program was:
| /* confdefs.h */
| #define PACKAGE_NAME "readline"
| #define PACKAGE_TARNAME "readline"
| #define PACKAGE_VERSION "6.3"
| #define PACKAGE_STRING "readline 6.3"
| #define PACKAGE_BUGREPORT "bug-readline@gnu.org"
| #define PACKAGE_URL ""
| #define STDC_HEADERS 1
| #define HAVE_SYS_TYPES_H 1
| #define HAVE_SYS_STAT_H 1
| #define HAVE_STDLIB_H 1
| #define HAVE_STRING_H 1
| #define HAVE_MEMORY_H 1
| #define HAVE_STRINGS_H 1
| #define HAVE_INTTYPES_H 1
| #define HAVE_STDINT_H 1
| #define HAVE_UNISTD_H 1
| #define __EXTENSIONS__ 1
| #define _ALL_SOURCE 1
| #define _GNU_SOURCE 1
| #define _POSIX_PTHREAD_SEMANTICS 1
| #define _TANDEM_SOURCE 1
| #define PROTOTYPES 1
| #define __PROTOTYPES 1
| #define RETSIGTYPE void
| /* end confdefs.h.  */
| #include <stdio.h>
| #ifdef HAVE_SYS_TYPES_H
| # include <sys/types.h>
| #endif
| #ifdef HAVE_SYS_STAT_H
| # include <sys/stat.h>
| #endif
| #ifdef STDC_HEADERS
| # include <stdlib.h>
| # include <stddef.h>
| #else
| # ifdef HAVE_STDLIB_H
| #  include <stdlib.h>
| # endif
| #endif
| #ifdef HAVE_STRING_H
| # if !defined STDC_HEADERS && defined HAVE_MEMORY_H
| #  include <memory.h>
| # endif
| # include <string.h>
| #endif
| #ifdef HAVE_STRINGS_H
| # include <strings.h>
| #endif
| #ifdef HAVE_INTTYPES_H
| # include <inttypes.h>
| #endif
| #ifdef HAVE_STDINT_H
| # include <stdint.h>
| #endif
| #ifdef HAVE_UNISTD_H
| # include <unistd.h>
| #endif
| int
| main ()
| {
| if (sizeof ((size_t)))
| 	    return 0;
|   ;
|   return 0;
| }
configure:4241: result: yes
configure:4252: checking for ssize_t
configure:4252: /usr/local/bin/gcc -c -g -O  conftest.c >&5
configure:4252: $? = 0
configure:4252: /usr/local/bin/gcc -c -g -O  conftest.c >&5
conftest.c: In function 'main':
conftest.c:63:22: error: expected expression before ')' token
 if (sizeof ((ssize_t)))
                      ^
configure:4252: $? = 1
configure: failed program was:
| /* confdefs.h */
| #define PACKAGE_NAME "readline"
| #define PACKAGE_TARNAME "readline"
| #define PACKAGE_VERSION "6.3"
| #define PACKAGE_STRING "readline 6.3"
| #define PACKAGE_BUGREPORT "bug-readline@gnu.org"
| #define PACKAGE_URL ""
| #define STDC_HEADERS 1
| #define HAVE_SYS_TYPES_H 1
| #define HAVE_SYS_STAT_H 1
| #define HAVE_STDLIB_H 1
| #define HAVE_STRING_H 1
| #define HAVE_MEMORY_H 1
| #define HAVE_STRINGS_H 1
| #define HAVE_INTTYPES_H 1
| #define HAVE_STDINT_H 1
| #define HAVE_UNISTD_H 1
| #define __EXTENSIONS__ 1
| #define _ALL_SOURCE 1
| #define _GNU_SOURCE 1
| #define _POSIX_PTHREAD_SEMANTICS 1
| #define _TANDEM_SOURCE 1
| #define PROTOTYPES 1
| #define __PROTOTYPES 1
| #define RETSIGTYPE void
| /* end confdefs.h.  */
| #include <stdio.h>
| #ifdef HAVE_SYS_TYPES_H
| # include <sys/types.h>
| #endif
| #ifdef HAVE_SYS_STAT_H
| # include <sys/stat.h>
| #endif
| #ifdef STDC_HEADERS
| # include <stdlib.h>
| # include <stddef.h>
| #else
| # ifdef HAVE_STDLIB_H
| #  include <stdlib.h>
| # endif
| #endif
| #ifdef HAVE_STRING_H
| # if !defined STDC_HEADERS && defined HAVE_MEMORY_H
| #  include <memory.h>
| # endif
| # include <string.h>
| #endif
| #ifdef HAVE_STRINGS_H
| # include <strings.h>
| #endif
| #ifdef HAVE_INTTYPES_H
| # include <inttypes.h>
| #endif
| #ifdef HAVE_STDINT_H
| # include <stdint.h>
| #endif
| #ifdef HAVE_UNISTD_H
| # include <unistd.h>
| #endif
| int
| main ()
| {
| if (sizeof ((ssize_t)))
| 	    return 0;
|   ;
|   return 0;
| }
configure:4252: result: yes
configure:4264: checking for ANSI C header files
configure:4368: result: yes
configure:4377: checking whether stat file-mode macros are broken
configure:4404: /usr/local/bin/gcc -c -g -O  conftest.c >&5
configure:4404: $? = 0
configure:4411: result: no
configure:4422: checking for dirent.h that defines DIR
configure:4441: /usr/local/bin/gcc -c -g -O  conftest.c >&5
configure:4441: $? = 0
configure:4449: result: yes
configure:4462: checking for library containing opendir
configure:4493: /usr/local/bin/gcc -o conftest -g -O   conftest.c  >&5
configure:4493: $? = 0
configure:4510: result: none required
configure:4581: checking for fcntl
configure:4581: /usr/local/bin/gcc -o conftest -g -O   conftest.c  >&5
configure:4581: $? = 0
configure:4581: result: yes
configure:4581: checking for kill
configure:4581: /usr/local/bin/gcc -o conftest -g -O   conftest.c  >&5
configure:4581: $? = 0
configure:4581: result: yes
configure:4581: checking for lstat
configure:4581: /usr/local/bin/gcc -o conftest -g -O   conftest.c  >&5
configure:4581: $? = 0
configure:4581: result: yes
configure:4594: checking for memmove
configure:4594: /usr/local/bin/gcc -o conftest -g -O   conftest.c  >&5
conftest.c:55:6: warning: conflicting types for built-in function 'memmove'
 char memmove ();
      ^~~~~~~
configure:4594: $? = 0
configure:4594: result: yes
configure:4594: checking for putenv
configure:4594: /usr/local/bin/gcc -o conftest -g -O   conftest.c  >&5
configure:4594: $? = 0
configure:4594: result: yes
configure:4594: checking for select
configure:4594: /usr/local/bin/gcc -o conftest -g -O   conftest.c  >&5
configure:4594: $? = 0
configure:4594: result: yes
configure:4594: checking for setenv
configure:4594: /usr/local/bin/gcc -o conftest -g -O   conftest.c  >&5
configure:4594: $? = 0
configure:4594: result: yes
configure:4594: checking for setlocale
configure:4594: /usr/local/bin/gcc -o conftest -g -O   conftest.c  >&5
configure:4594: $? = 0
configure:4594: result: yes
configure:4594: checking for strcasecmp
configure:4594: /usr/local/bin/gcc -o conftest -g -O   conftest.c  >&5
conftest.c:60:6: warning: conflicting types for built-in function 'strcasecmp'
 char strcasecmp ();
      ^~~~~~~~~~
configure:4594: $? = 0
configure:4594: result: yes
configure:4594: checking for strpbrk
configure:4594: /usr/local/bin/gcc -o conftest -g -O   conftest.c  >&5
conftest.c:61:6: warning: conflicting types for built-in function 'strpbrk'
 char strpbrk ();
      ^~~~~~~
configure:4594: $? = 0
configure:4594: result: yes
configure:4594: checking for tcgetattr
configure:4594: /usr/local/bin/gcc -o conftest -g -O   conftest.c  >&5
configure:4594: $? = 0
configure:4594: result: yes
configure:4594: checking for vsnprintf
configure:4594: /usr/local/bin/gcc -o conftest -g -O   conftest.c  >&5
conftest.c:63:6: warning: conflicting types for built-in function 'vsnprintf'
 char vsnprintf ();
      ^~~~~~~~~
configure:4594: $? = 0
configure:4594: result: yes
configure:4606: checking for isascii
configure:4606: /usr/local/bin/gcc -o conftest -g -O   conftest.c  >&5
conftest.c:64:6: warning: conflicting types for built-in function 'isascii'
 char isascii ();
      ^~~~~~~
configure:4606: $? = 0
configure:4606: result: yes
configure:4606: checking for isxdigit
configure:4606: /usr/local/bin/gcc -o conftest -g -O   conftest.c  >&5
conftest.c:65:6: warning: conflicting types for built-in function 'isxdigit'
 char isxdigit ();
      ^~~~~~~~
configure:4606: $? = 0
configure:4606: result: yes
configure:4618: checking for getpwent
configure:4618: /usr/local/bin/gcc -o conftest -g -O   conftest.c  >&5
configure:4618: $? = 0
configure:4618: result: yes
configure:4618: checking for getpwnam
configure:4618: /usr/local/bin/gcc -o conftest -g -O   conftest.c  >&5
configure:4618: $? = 0
configure:4618: result: yes
configure:4618: checking for getpwuid
configure:4618: /usr/local/bin/gcc -o conftest -g -O   conftest.c  >&5
configure:4618: $? = 0
configure:4618: result: yes
configure:4628: checking for working strcoll
configure:4649: /usr/local/bin/gcc -o conftest -g -O   conftest.c  >&5
configure:4649: $? = 0
configure:4649: ./conftest
configure:4649: $? = 0
configure:4659: result: yes
configure:4673: checking fcntl.h usability
configure:4673: /usr/local/bin/gcc -c -g -O  conftest.c >&5
configure:4673: $? = 0
configure:4673: result: yes
configure:4673: checking fcntl.h presence
configure:4673: /usr/local/bin/gcc -E  conftest.c
configure:4673: $? = 0
configure:4673: result: yes
configure:4673: checking for fcntl.h
configure:4673: result: yes
configure:4673: checking for unistd.h
configure:4673: result: yes
configure:4673: checking for stdlib.h
configure:4673: result: yes
configure:4673: checking varargs.h usability
configure:4673: /usr/local/bin/gcc -c -g -O  conftest.c >&5
In file included from conftest.c:83:0:
/usr/local/lib/gcc/x86_64-apple-darwin15.5.0/6.2.0/include/varargs.h:4:2: error: #error "GCC no longer implements <varargs.h>."
 #error "GCC no longer implements <varargs.h>."
  ^~~~~
/usr/local/lib/gcc/x86_64-apple-darwin15.5.0/6.2.0/include/varargs.h:5:2: error: #error "Revise your code to use <stdarg.h>."
 #error "Revise your code to use <stdarg.h>."
  ^~~~~
configure:4673: $? = 1
configure: failed program was:
| /* confdefs.h */
| #define PACKAGE_NAME "readline"
| #define PACKAGE_TARNAME "readline"
| #define PACKAGE_VERSION "6.3"
| #define PACKAGE_STRING "readline 6.3"
| #define PACKAGE_BUGREPORT "bug-readline@gnu.org"
| #define PACKAGE_URL ""
| #define STDC_HEADERS 1
| #define HAVE_SYS_TYPES_H 1
| #define HAVE_SYS_STAT_H 1
| #define HAVE_STDLIB_H 1
| #define HAVE_STRING_H 1
| #define HAVE_MEMORY_H 1
| #define HAVE_STRINGS_H 1
| #define HAVE_INTTYPES_H 1
| #define HAVE_STDINT_H 1
| #define HAVE_UNISTD_H 1
| #define __EXTENSIONS__ 1
| #define _ALL_SOURCE 1
| #define _GNU_SOURCE 1
| #define _POSIX_PTHREAD_SEMANTICS 1
| #define _TANDEM_SOURCE 1
| #define PROTOTYPES 1
| #define __PROTOTYPES 1
| #define RETSIGTYPE void
| #define STDC_HEADERS 1
| #define HAVE_DIRENT_H 1
| #define HAVE_FCNTL 1
| #define HAVE_KILL 1
| #define HAVE_LSTAT 1
| #define HAVE_MEMMOVE 1
| #define HAVE_PUTENV 1
| #define HAVE_SELECT 1
| #define HAVE_SETENV 1
| #define HAVE_SETLOCALE 1
| #define HAVE_STRCASECMP 1
| #define HAVE_STRPBRK 1
| #define HAVE_TCGETATTR 1
| #define HAVE_VSNPRINTF 1
| #define HAVE_ISASCII 1
| #define HAVE_ISXDIGIT 1
| #define HAVE_GETPWENT 1
| #define HAVE_GETPWNAM 1
| #define HAVE_GETPWUID 1
| #define HAVE_STRCOLL 1
| #define HAVE_FCNTL_H 1
| #define HAVE_UNISTD_H 1
| #define HAVE_STDLIB_H 1
| /* end confdefs.h.  */
| #include <stdio.h>
| #ifdef HAVE_SYS_TYPES_H
| # include <sys/types.h>
| #endif
| #ifdef HAVE_SYS_STAT_H
| # include <sys/stat.h>
| #endif
| #ifdef STDC_HEADERS
| # include <stdlib.h>
| # include <stddef.h>
| #else
| # ifdef HAVE_STDLIB_H
| #  include <stdlib.h>
| # endif
| #endif
| #ifdef HAVE_STRING_H
| # if !defined STDC_HEADERS && defined HAVE_MEMORY_H
| #  include <memory.h>
| # endif
| # include <string.h>
| #endif
| #ifdef HAVE_STRINGS_H
| # include <strings.h>
| #endif
| #ifdef HAVE_INTTYPES_H
| # include <inttypes.h>
| #endif
| #ifdef HAVE_STDINT_H
| # include <stdint.h>
| #endif
| #ifdef HAVE_UNISTD_H
| # include <unistd.h>
| #endif
| #include <varargs.h>
configure:4673: result: no
configure:4673: checking varargs.h presence
configure:4673: /usr/local/bin/gcc -E  conftest.c
In file included from conftest.c:50:0:
/usr/local/lib/gcc/x86_64-apple-darwin15.5.0/6.2.0/include/varargs.h:4:2: error: #error "GCC no longer implements <varargs.h>."
 #error "GCC no longer implements <varargs.h>."
  ^~~~~
/usr/local/lib/gcc/x86_64-apple-darwin15.5.0/6.2.0/include/varargs.h:5:2: error: #error "Revise your code to use <stdarg.h>."
 #error "Revise your code to use <stdarg.h>."
  ^~~~~
configure:4673: $? = 1
configure: failed program was:
| /* confdefs.h */
| #define PACKAGE_NAME "readline"
| #define PACKAGE_TARNAME "readline"
| #define PACKAGE_VERSION "6.3"
| #define PACKAGE_STRING "readline 6.3"
| #define PACKAGE_BUGREPORT "bug-readline@gnu.org"
| #define PACKAGE_URL ""
| #define STDC_HEADERS 1
| #define HAVE_SYS_TYPES_H 1
| #define HAVE_SYS_STAT_H 1
| #define HAVE_STDLIB_H 1
| #define HAVE_STRING_H 1
| #define HAVE_MEMORY_H 1
| #define HAVE_STRINGS_H 1
| #define HAVE_INTTYPES_H 1
| #define HAVE_STDINT_H 1
| #define HAVE_UNISTD_H 1
| #define __EXTENSIONS__ 1
| #define _ALL_SOURCE 1
| #define _GNU_SOURCE 1
| #define _POSIX_PTHREAD_SEMANTICS 1
| #define _TANDEM_SOURCE 1
| #define PROTOTYPES 1
| #define __PROTOTYPES 1
| #define RETSIGTYPE void
| #define STDC_HEADERS 1
| #define HAVE_DIRENT_H 1
| #define HAVE_FCNTL 1
| #define HAVE_KILL 1
| #define HAVE_LSTAT 1
| #define HAVE_MEMMOVE 1
| #define HAVE_PUTENV 1
| #define HAVE_SELECT 1
| #define HAVE_SETENV 1
| #define HAVE_SETLOCALE 1
| #define HAVE_STRCASECMP 1
| #define HAVE_STRPBRK 1
| #define HAVE_TCGETATTR 1
| #define HAVE_VSNPRINTF 1
| #define HAVE_ISASCII 1
| #define HAVE_ISXDIGIT 1
| #define HAVE_GETPWENT 1
| #define HAVE_GETPWNAM 1
| #define HAVE_GETPWUID 1
| #define HAVE_STRCOLL 1
| #define HAVE_FCNTL_H 1
| #define HAVE_UNISTD_H 1
| #define HAVE_STDLIB_H 1
| /* end confdefs.h.  */
| #include <varargs.h>
configure:4673: result: no
configure:4673: checking for varargs.h
configure:4673: result: no
configure:4673: checking stdarg.h usability
configure:4673: /usr/local/bin/gcc -c -g -O  conftest.c >&5
configure:4673: $? = 0
configure:4673: result: yes
configure:4673: checking stdarg.h presence
configure:4673: /usr/local/bin/gcc -E  conftest.c
configure:4673: $? = 0
configure:4673: result: yes
configure:4673: checking for stdarg.h
configure:4673: result: yes
configure:4673: checking stdbool.h usability
configure:4673: /usr/local/bin/gcc -c -g -O  conftest.c >&5
configure:4673: $? = 0
configure:4673: result: yes
configure:4673: checking stdbool.h presence
configure:4673: /usr/local/bin/gcc -E  conftest.c
configure:4673: $? = 0
configure:4673: result: yes
configure:4673: checking for stdbool.h
configure:4673: result: yes
configure:4673: checking for string.h
configure:4673: result: yes
configure:4673: checking for strings.h
configure:4673: result: yes
configure:4673: checking limits.h usability
configure:4673: /usr/local/bin/gcc -c -g -O  conftest.c >&5
configure:4673: $? = 0
configure:4673: result: yes
configure:4673: checking limits.h presence
configure:4673: /usr/local/bin/gcc -E  conftest.c
configure:4673: $? = 0
configure:4673: result: yes
configure:4673: checking for limits.h
configure:4673: result: yes
configure:4673: checking locale.h usability
configure:4673: /usr/local/bin/gcc -c -g -O  conftest.c >&5
configure:4673: $? = 0
configure:4673: result: yes
configure:4673: checking locale.h presence
configure:4673: /usr/local/bin/gcc -E  conftest.c
configure:4673: $? = 0
configure:4673: result: yes
configure:4673: checking for locale.h
configure:4673: result: yes
configure:4673: checking pwd.h usability
configure:4673: /usr/local/bin/gcc -c -g -O  conftest.c >&5
configure:4673: $? = 0
configure:4673: result: yes
configure:4673: checking pwd.h presence
configure:4673: /usr/local/bin/gcc -E  conftest.c
configure:4673: $? = 0
configure:4673: result: yes
configure:4673: checking for pwd.h
configure:4673: result: yes
configure:4673: checking for memory.h
configure:4673: result: yes
configure:4673: checking termcap.h usability
configure:4673: /usr/local/bin/gcc -c -g -O  conftest.c >&5
configure:4673: $? = 0
configure:4673: result: yes
configure:4673: checking termcap.h presence
configure:4673: /usr/local/bin/gcc -E  conftest.c
configure:4673: $? = 0
configure:4673: result: yes
configure:4673: checking for termcap.h
configure:4673: result: yes
configure:4673: checking termios.h usability
configure:4673: /usr/local/bin/gcc -c -g -O  conftest.c >&5
configure:4673: $? = 0
configure:4673: result: yes
configure:4673: checking termios.h presence
configure:4673: /usr/local/bin/gcc -E  conftest.c
configure:4673: $? = 0
configure:4673: result: yes
configure:4673: checking for termios.h
configure:4673: result: yes
configure:4673: checking termio.h usability
configure:4673: /usr/local/bin/gcc -c -g -O  conftest.c >&5
conftest.c:93:20: fatal error: termio.h: No such file or directory
 #include <termio.h>
                    ^
compilation terminated.
configure:4673: $? = 1
configure: failed program was:
| /* confdefs.h */
| #define PACKAGE_NAME "readline"
| #define PACKAGE_TARNAME "readline"
| #define PACKAGE_VERSION "6.3"
| #define PACKAGE_STRING "readline 6.3"
| #define PACKAGE_BUGREPORT "bug-readline@gnu.org"
| #define PACKAGE_URL ""
| #define STDC_HEADERS 1
| #define HAVE_SYS_TYPES_H 1
| #define HAVE_SYS_STAT_H 1
| #define HAVE_STDLIB_H 1
| #define HAVE_STRING_H 1
| #define HAVE_MEMORY_H 1
| #define HAVE_STRINGS_H 1
| #define HAVE_INTTYPES_H 1
| #define HAVE_STDINT_H 1
| #define HAVE_UNISTD_H 1
| #define __EXTENSIONS__ 1
| #define _ALL_SOURCE 1
| #define _GNU_SOURCE 1
| #define _POSIX_PTHREAD_SEMANTICS 1
| #define _TANDEM_SOURCE 1
| #define PROTOTYPES 1
| #define __PROTOTYPES 1
| #define RETSIGTYPE void
| #define STDC_HEADERS 1
| #define HAVE_DIRENT_H 1
| #define HAVE_FCNTL 1
| #define HAVE_KILL 1
| #define HAVE_LSTAT 1
| #define HAVE_MEMMOVE 1
| #define HAVE_PUTENV 1
| #define HAVE_SELECT 1
| #define HAVE_SETENV 1
| #define HAVE_SETLOCALE 1
| #define HAVE_STRCASECMP 1
| #define HAVE_STRPBRK 1
| #define HAVE_TCGETATTR 1
| #define HAVE_VSNPRINTF 1
| #define HAVE_ISASCII 1
| #define HAVE_ISXDIGIT 1
| #define HAVE_GETPWENT 1
| #define HAVE_GETPWNAM 1
| #define HAVE_GETPWUID 1
| #define HAVE_STRCOLL 1
| #define HAVE_FCNTL_H 1
| #define HAVE_UNISTD_H 1
| #define HAVE_STDLIB_H 1
| #define HAVE_STDARG_H 1
| #define HAVE_STDBOOL_H 1
| #define HAVE_STRING_H 1
| #define HAVE_STRINGS_H 1
| #define HAVE_LIMITS_H 1
| #define HAVE_LOCALE_H 1
| #define HAVE_PWD_H 1
| #define HAVE_MEMORY_H 1
| #define HAVE_TERMCAP_H 1
| #define HAVE_TERMIOS_H 1
| /* end confdefs.h.  */
| #include <stdio.h>
| #ifdef HAVE_SYS_TYPES_H
| # include <sys/types.h>
| #endif
| #ifdef HAVE_SYS_STAT_H
| # include <sys/stat.h>
| #endif
| #ifdef STDC_HEADERS
| # include <stdlib.h>
| # include <stddef.h>
| #else
| # ifdef HAVE_STDLIB_H
| #  include <stdlib.h>
| # endif
| #endif
| #ifdef HAVE_STRING_H
| # if !defined STDC_HEADERS && defined HAVE_MEMORY_H
| #  include <memory.h>
| # endif
| # include <string.h>
| #endif
| #ifdef HAVE_STRINGS_H
| # include <strings.h>
| #endif
| #ifdef HAVE_INTTYPES_H
| # include <inttypes.h>
| #endif
| #ifdef HAVE_STDINT_H
| # include <stdint.h>
| #endif
| #ifdef HAVE_UNISTD_H
| # include <unistd.h>
| #endif
| #include <termio.h>
configure:4673: result: no
configure:4673: checking termio.h presence
configure:4673: /usr/local/bin/gcc -E  conftest.c
conftest.c:60:20: fatal error: termio.h: No such file or directory
 #include <termio.h>
                    ^
compilation terminated.
configure:4673: $? = 1
configure: failed program was:
| /* confdefs.h */
| #define PACKAGE_NAME "readline"
| #define PACKAGE_TARNAME "readline"
| #define PACKAGE_VERSION "6.3"
| #define PACKAGE_STRING "readline 6.3"
| #define PACKAGE_BUGREPORT "bug-readline@gnu.org"
| #define PACKAGE_URL ""
| #define STDC_HEADERS 1
| #define HAVE_SYS_TYPES_H 1
| #define HAVE_SYS_STAT_H 1
| #define HAVE_STDLIB_H 1
| #define HAVE_STRING_H 1
| #define HAVE_MEMORY_H 1
| #define HAVE_STRINGS_H 1
| #define HAVE_INTTYPES_H 1
| #define HAVE_STDINT_H 1
| #define HAVE_UNISTD_H 1
| #define __EXTENSIONS__ 1
| #define _ALL_SOURCE 1
| #define _GNU_SOURCE 1
| #define _POSIX_PTHREAD_SEMANTICS 1
| #define _TANDEM_SOURCE 1
| #define PROTOTYPES 1
| #define __PROTOTYPES 1
| #define RETSIGTYPE void
| #define STDC_HEADERS 1
| #define HAVE_DIRENT_H 1
| #define HAVE_FCNTL 1
| #define HAVE_KILL 1
| #define HAVE_LSTAT 1
| #define HAVE_MEMMOVE 1
| #define HAVE_PUTENV 1
| #define HAVE_SELECT 1
| #define HAVE_SETENV 1
| #define HAVE_SETLOCALE 1
| #define HAVE_STRCASECMP 1
| #define HAVE_STRPBRK 1
| #define HAVE_TCGETATTR 1
| #define HAVE_VSNPRINTF 1
| #define HAVE_ISASCII 1
| #define HAVE_ISXDIGIT 1
| #define HAVE_GETPWENT 1
| #define HAVE_GETPWNAM 1
| #define HAVE_GETPWUID 1
| #define HAVE_STRCOLL 1
| #define HAVE_FCNTL_H 1
| #define HAVE_UNISTD_H 1
| #define HAVE_STDLIB_H 1
| #define HAVE_STDARG_H 1
| #define HAVE_STDBOOL_H 1
| #define HAVE_STRING_H 1
| #define HAVE_STRINGS_H 1
| #define HAVE_LIMITS_H 1
| #define HAVE_LOCALE_H 1
| #define HAVE_PWD_H 1
| #define HAVE_MEMORY_H 1
| #define HAVE_TERMCAP_H 1
| #define HAVE_TERMIOS_H 1
| /* end confdefs.h.  */
| #include <termio.h>
configure:4673: result: no
configure:4673: checking for termio.h
configure:4673: result: no
configure:4686: checking sys/pte.h usability
configure:4686: /usr/local/bin/gcc -c -g -O  conftest.c >&5
conftest.c:93:21: fatal error: sys/pte.h: No such file or directory
 #include <sys/pte.h>
                     ^
compilation terminated.
configure:4686: $? = 1
configure: failed program was:
| /* confdefs.h */
| #define PACKAGE_NAME "readline"
| #define PACKAGE_TARNAME "readline"
| #define PACKAGE_VERSION "6.3"
| #define PACKAGE_STRING "readline 6.3"
| #define PACKAGE_BUGREPORT "bug-readline@gnu.org"
| #define PACKAGE_URL ""
| #define STDC_HEADERS 1
| #define HAVE_SYS_TYPES_H 1
| #define HAVE_SYS_STAT_H 1
| #define HAVE_STDLIB_H 1
| #define HAVE_STRING_H 1
| #define HAVE_MEMORY_H 1
| #define HAVE_STRINGS_H 1
| #define HAVE_INTTYPES_H 1
| #define HAVE_STDINT_H 1
| #define HAVE_UNISTD_H 1
| #define __EXTENSIONS__ 1
| #define _ALL_SOURCE 1
| #define _GNU_SOURCE 1
| #define _POSIX_PTHREAD_SEMANTICS 1
| #define _TANDEM_SOURCE 1
| #define PROTOTYPES 1
| #define __PROTOTYPES 1
| #define RETSIGTYPE void
| #define STDC_HEADERS 1
| #define HAVE_DIRENT_H 1
| #define HAVE_FCNTL 1
| #define HAVE_KILL 1
| #define HAVE_LSTAT 1
| #define HAVE_MEMMOVE 1
| #define HAVE_PUTENV 1
| #define HAVE_SELECT 1
| #define HAVE_SETENV 1
| #define HAVE_SETLOCALE 1
| #define HAVE_STRCASECMP 1
| #define HAVE_STRPBRK 1
| #define HAVE_TCGETATTR 1
| #define HAVE_VSNPRINTF 1
| #define HAVE_ISASCII 1
| #define HAVE_ISXDIGIT 1
| #define HAVE_GETPWENT 1
| #define HAVE_GETPWNAM 1
| #define HAVE_GETPWUID 1
| #define HAVE_STRCOLL 1
| #define HAVE_FCNTL_H 1
| #define HAVE_UNISTD_H 1
| #define HAVE_STDLIB_H 1
| #define HAVE_STDARG_H 1
| #define HAVE_STDBOOL_H 1
| #define HAVE_STRING_H 1
| #define HAVE_STRINGS_H 1
| #define HAVE_LIMITS_H 1
| #define HAVE_LOCALE_H 1
| #define HAVE_PWD_H 1
| #define HAVE_MEMORY_H 1
| #define HAVE_TERMCAP_H 1
| #define HAVE_TERMIOS_H 1
| /* end confdefs.h.  */
| #include <stdio.h>
| #ifdef HAVE_SYS_TYPES_H
| # include <sys/types.h>
| #endif
| #ifdef HAVE_SYS_STAT_H
| # include <sys/stat.h>
| #endif
| #ifdef STDC_HEADERS
| # include <stdlib.h>
| # include <stddef.h>
| #else
| # ifdef HAVE_STDLIB_H
| #  include <stdlib.h>
| # endif
| #endif
| #ifdef HAVE_STRING_H
| # if !defined STDC_HEADERS && defined HAVE_MEMORY_H
| #  include <memory.h>
| # endif
| # include <string.h>
| #endif
| #ifdef HAVE_STRINGS_H
| # include <strings.h>
| #endif
| #ifdef HAVE_INTTYPES_H
| # include <inttypes.h>
| #endif
| #ifdef HAVE_STDINT_H
| # include <stdint.h>
| #endif
| #ifdef HAVE_UNISTD_H
| # include <unistd.h>
| #endif
| #include <sys/pte.h>
configure:4686: result: no
configure:4686: checking sys/pte.h presence
configure:4686: /usr/local/bin/gcc -E  conftest.c
conftest.c:60:21: fatal error: sys/pte.h: No such file or directory
 #include <sys/pte.h>
                     ^
compilation terminated.
configure:4686: $? = 1
configure: failed program was:
| /* confdefs.h */
| #define PACKAGE_NAME "readline"
| #define PACKAGE_TARNAME "readline"
| #define PACKAGE_VERSION "6.3"
| #define PACKAGE_STRING "readline 6.3"
| #define PACKAGE_BUGREPORT "bug-readline@gnu.org"
| #define PACKAGE_URL ""
| #define STDC_HEADERS 1
| #define HAVE_SYS_TYPES_H 1
| #define HAVE_SYS_STAT_H 1
| #define HAVE_STDLIB_H 1
| #define HAVE_STRING_H 1
| #define HAVE_MEMORY_H 1
| #define HAVE_STRINGS_H 1
| #define HAVE_INTTYPES_H 1
| #define HAVE_STDINT_H 1
| #define HAVE_UNISTD_H 1
| #define __EXTENSIONS__ 1
| #define _ALL_SOURCE 1
| #define _GNU_SOURCE 1
| #define _POSIX_PTHREAD_SEMANTICS 1
| #define _TANDEM_SOURCE 1
| #define PROTOTYPES 1
| #define __PROTOTYPES 1
| #define RETSIGTYPE void
| #define STDC_HEADERS 1
| #define HAVE_DIRENT_H 1
| #define HAVE_FCNTL 1
| #define HAVE_KILL 1
| #define HAVE_LSTAT 1
| #define HAVE_MEMMOVE 1
| #define HAVE_PUTENV 1
| #define HAVE_SELECT 1
| #define HAVE_SETENV 1
| #define HAVE_SETLOCALE 1
| #define HAVE_STRCASECMP 1
| #define HAVE_STRPBRK 1
| #define HAVE_TCGETATTR 1
| #define HAVE_VSNPRINTF 1
| #define HAVE_ISASCII 1
| #define HAVE_ISXDIGIT 1
| #define HAVE_GETPWENT 1
| #define HAVE_GETPWNAM 1
| #define HAVE_GETPWUID 1
| #define HAVE_STRCOLL 1
| #define HAVE_FCNTL_H 1
| #define HAVE_UNISTD_H 1
| #define HAVE_STDLIB_H 1
| #define HAVE_STDARG_H 1
| #define HAVE_STDBOOL_H 1
| #define HAVE_STRING_H 1
| #define HAVE_STRINGS_H 1
| #define HAVE_LIMITS_H 1
| #define HAVE_LOCALE_H 1
| #define HAVE_PWD_H 1
| #define HAVE_MEMORY_H 1
| #define HAVE_TERMCAP_H 1
| #define HAVE_TERMIOS_H 1
| /* end confdefs.h.  */
| #include <sys/pte.h>
configure:4686: result: no
configure:4686: checking for sys/pte.h
configure:4686: result: no
configure:4686: checking sys/stream.h usability
configure:4686: /usr/local/bin/gcc -c -g -O  conftest.c >&5
conftest.c:93:24: fatal error: sys/stream.h: No such file or directory
 #include <sys/stream.h>
                        ^
compilation terminated.
configure:4686: $? = 1
configure: failed program was:
| /* confdefs.h */
| #define PACKAGE_NAME "readline"
| #define PACKAGE_TARNAME "readline"
| #define PACKAGE_VERSION "6.3"
| #define PACKAGE_STRING "readline 6.3"
| #define PACKAGE_BUGREPORT "bug-readline@gnu.org"
| #define PACKAGE_URL ""
| #define STDC_HEADERS 1
| #define HAVE_SYS_TYPES_H 1
| #define HAVE_SYS_STAT_H 1
| #define HAVE_STDLIB_H 1
| #define HAVE_STRING_H 1
| #define HAVE_MEMORY_H 1
| #define HAVE_STRINGS_H 1
| #define HAVE_INTTYPES_H 1
| #define HAVE_STDINT_H 1
| #define HAVE_UNISTD_H 1
| #define __EXTENSIONS__ 1
| #define _ALL_SOURCE 1
| #define _GNU_SOURCE 1
| #define _POSIX_PTHREAD_SEMANTICS 1
| #define _TANDEM_SOURCE 1
| #define PROTOTYPES 1
| #define __PROTOTYPES 1
| #define RETSIGTYPE void
| #define STDC_HEADERS 1
| #define HAVE_DIRENT_H 1
| #define HAVE_FCNTL 1
| #define HAVE_KILL 1
| #define HAVE_LSTAT 1
| #define HAVE_MEMMOVE 1
| #define HAVE_PUTENV 1
| #define HAVE_SELECT 1
| #define HAVE_SETENV 1
| #define HAVE_SETLOCALE 1
| #define HAVE_STRCASECMP 1
| #define HAVE_STRPBRK 1
| #define HAVE_TCGETATTR 1
| #define HAVE_VSNPRINTF 1
| #define HAVE_ISASCII 1
| #define HAVE_ISXDIGIT 1
| #define HAVE_GETPWENT 1
| #define HAVE_GETPWNAM 1
| #define HAVE_GETPWUID 1
| #define HAVE_STRCOLL 1
| #define HAVE_FCNTL_H 1
| #define HAVE_UNISTD_H 1
| #define HAVE_STDLIB_H 1
| #define HAVE_STDARG_H 1
| #define HAVE_STDBOOL_H 1
| #define HAVE_STRING_H 1
| #define HAVE_STRINGS_H 1
| #define HAVE_LIMITS_H 1
| #define HAVE_LOCALE_H 1
| #define HAVE_PWD_H 1
| #define HAVE_MEMORY_H 1
| #define HAVE_TERMCAP_H 1
| #define HAVE_TERMIOS_H 1
| /* end confdefs.h.  */
| #include <stdio.h>
| #ifdef HAVE_SYS_TYPES_H
| # include <sys/types.h>
| #endif
| #ifdef HAVE_SYS_STAT_H
| # include <sys/stat.h>
| #endif
| #ifdef STDC_HEADERS
| # include <stdlib.h>
| # include <stddef.h>
| #else
| # ifdef HAVE_STDLIB_H
| #  include <stdlib.h>
| # endif
| #endif
| #ifdef HAVE_STRING_H
| # if !defined STDC_HEADERS && defined HAVE_MEMORY_H
| #  include <memory.h>
| # endif
| # include <string.h>
| #endif
| #ifdef HAVE_STRINGS_H
| # include <strings.h>
| #endif
| #ifdef HAVE_INTTYPES_H
| # include <inttypes.h>
| #endif
| #ifdef HAVE_STDINT_H
| # include <stdint.h>
| #endif
| #ifdef HAVE_UNISTD_H
| # include <unistd.h>
| #endif
| #include <sys/stream.h>
configure:4686: result: no
configure:4686: checking sys/stream.h presence
configure:4686: /usr/local/bin/gcc -E  conftest.c
conftest.c:60:24: fatal error: sys/stream.h: No such file or directory
 #include <sys/stream.h>
                        ^
compilation terminated.
configure:4686: $? = 1
configure: failed program was:
| /* confdefs.h */
| #define PACKAGE_NAME "readline"
| #define PACKAGE_TARNAME "readline"
| #define PACKAGE_VERSION "6.3"
| #define PACKAGE_STRING "readline 6.3"
| #define PACKAGE_BUGREPORT "bug-readline@gnu.org"
| #define PACKAGE_URL ""
| #define STDC_HEADERS 1
| #define HAVE_SYS_TYPES_H 1
| #define HAVE_SYS_STAT_H 1
| #define HAVE_STDLIB_H 1
| #define HAVE_STRING_H 1
| #define HAVE_MEMORY_H 1
| #define HAVE_STRINGS_H 1
| #define HAVE_INTTYPES_H 1
| #define HAVE_STDINT_H 1
| #define HAVE_UNISTD_H 1
| #define __EXTENSIONS__ 1
| #define _ALL_SOURCE 1
| #define _GNU_SOURCE 1
| #define _POSIX_PTHREAD_SEMANTICS 1
| #define _TANDEM_SOURCE 1
| #define PROTOTYPES 1
| #define __PROTOTYPES 1
| #define RETSIGTYPE void
| #define STDC_HEADERS 1
| #define HAVE_DIRENT_H 1
| #define HAVE_FCNTL 1
| #define HAVE_KILL 1
| #define HAVE_LSTAT 1
| #define HAVE_MEMMOVE 1
| #define HAVE_PUTENV 1
| #define HAVE_SELECT 1
| #define HAVE_SETENV 1
| #define HAVE_SETLOCALE 1
| #define HAVE_STRCASECMP 1
| #define HAVE_STRPBRK 1
| #define HAVE_TCGETATTR 1
| #define HAVE_VSNPRINTF 1
| #define HAVE_ISASCII 1
| #define HAVE_ISXDIGIT 1
| #define HAVE_GETPWENT 1
| #define HAVE_GETPWNAM 1
| #define HAVE_GETPWUID 1
| #define HAVE_STRCOLL 1
| #define HAVE_FCNTL_H 1
| #define HAVE_UNISTD_H 1
| #define HAVE_STDLIB_H 1
| #define HAVE_STDARG_H 1
| #define HAVE_STDBOOL_H 1
| #define HAVE_STRING_H 1
| #define HAVE_STRINGS_H 1
| #define HAVE_LIMITS_H 1
| #define HAVE_LOCALE_H 1
| #define HAVE_PWD_H 1
| #define HAVE_MEMORY_H 1
| #define HAVE_TERMCAP_H 1
| #define HAVE_TERMIOS_H 1
| /* end confdefs.h.  */
| #include <sys/stream.h>
configure:4686: result: no
configure:4686: checking for sys/stream.h
configure:4686: result: no
configure:4686: checking sys/select.h usability
configure:4686: /usr/local/bin/gcc -c -g -O  conftest.c >&5
configure:4686: $? = 0
configure:4686: result: yes
configure:4686: checking sys/select.h presence
configure:4686: /usr/local/bin/gcc -E  conftest.c
configure:4686: $? = 0
configure:4686: result: yes
configure:4686: checking for sys/select.h
configure:4686: result: yes
configure:4686: checking sys/file.h usability
configure:4686: /usr/local/bin/gcc -c -g -O  conftest.c >&5
configure:4686: $? = 0
configure:4686: result: yes
configure:4686: checking sys/file.h presence
configure:4686: /usr/local/bin/gcc -E  conftest.c
configure:4686: $? = 0
configure:4686: result: yes
configure:4686: checking for sys/file.h
configure:4686: result: yes
configure:4699: checking for sys/ptem.h
configure:4699: /usr/local/bin/gcc -c -g -O  conftest.c >&5
conftest.c:68:22: fatal error: sys/ptem.h: No such file or directory
 #include <sys/ptem.h>
                      ^
compilation terminated.
configure:4699: $? = 1
configure: failed program was:
| /* confdefs.h */
| #define PACKAGE_NAME "readline"
| #define PACKAGE_TARNAME "readline"
| #define PACKAGE_VERSION "6.3"
| #define PACKAGE_STRING "readline 6.3"
| #define PACKAGE_BUGREPORT "bug-readline@gnu.org"
| #define PACKAGE_URL ""
| #define STDC_HEADERS 1
| #define HAVE_SYS_TYPES_H 1
| #define HAVE_SYS_STAT_H 1
| #define HAVE_STDLIB_H 1
| #define HAVE_STRING_H 1
| #define HAVE_MEMORY_H 1
| #define HAVE_STRINGS_H 1
| #define HAVE_INTTYPES_H 1
| #define HAVE_STDINT_H 1
| #define HAVE_UNISTD_H 1
| #define __EXTENSIONS__ 1
| #define _ALL_SOURCE 1
| #define _GNU_SOURCE 1
| #define _POSIX_PTHREAD_SEMANTICS 1
| #define _TANDEM_SOURCE 1
| #define PROTOTYPES 1
| #define __PROTOTYPES 1
| #define RETSIGTYPE void
| #define STDC_HEADERS 1
| #define HAVE_DIRENT_H 1
| #define HAVE_FCNTL 1
| #define HAVE_KILL 1
| #define HAVE_LSTAT 1
| #define HAVE_MEMMOVE 1
| #define HAVE_PUTENV 1
| #define HAVE_SELECT 1
| #define HAVE_SETENV 1
| #define HAVE_SETLOCALE 1
| #define HAVE_STRCASECMP 1
| #define HAVE_STRPBRK 1
| #define HAVE_TCGETATTR 1
| #define HAVE_VSNPRINTF 1
| #define HAVE_ISASCII 1
| #define HAVE_ISXDIGIT 1
| #define HAVE_GETPWENT 1
| #define HAVE_GETPWNAM 1
| #define HAVE_GETPWUID 1
| #define HAVE_STRCOLL 1
| #define HAVE_FCNTL_H 1
| #define HAVE_UNISTD_H 1
| #define HAVE_STDLIB_H 1
| #define HAVE_STDARG_H 1
| #define HAVE_STDBOOL_H 1
| #define HAVE_STRING_H 1
| #define HAVE_STRINGS_H 1
| #define HAVE_LIMITS_H 1
| #define HAVE_LOCALE_H 1
| #define HAVE_PWD_H 1
| #define HAVE_MEMORY_H 1
| #define HAVE_TERMCAP_H 1
| #define HAVE_TERMIOS_H 1
| #define HAVE_SYS_SELECT_H 1
| #define HAVE_SYS_FILE_H 1
| /* end confdefs.h.  */
| 
| #if HAVE_SYS_STREAM_H
| #  include <sys/stream.h>
| #endif
| 
| 
| #include <sys/ptem.h>
configure:4699: result: no
configure:4722: checking for special C compiler options needed for large files
configure:4767: result: no
configure:4773: checking for _FILE_OFFSET_BITS value needed for large files
configure:4798: /usr/local/bin/gcc -c -g -O  conftest.c >&5
configure:4798: $? = 0
configure:4830: result: no
configure:4915: checking for type of signal functions
configure:4938: /usr/local/bin/gcc -o conftest -g -O   conftest.c  >&5
configure:4938: $? = 0
configure:4996: result: posix
configure:5011: checking if signal handlers must be reinstalled when invoked
configure:5069: /usr/local/bin/gcc -o conftest -g -O   conftest.c  >&5
conftest.c:98:1: warning: return type defaults to 'int' [-Wimplicit-int]
 main()
 ^~~~
conftest.c: In function 'main':
conftest.c:104:2: warning: implicit declaration of function 'exit' [-Wimplicit-function-declaration]
  exit(nsigint != 2);
  ^~~~
conftest.c:104:2: warning: incompatible implicit declaration of built-in function 'exit'
conftest.c:104:2: note: include '<stdlib.h>' or provide a declaration of 'exit'
configure:5069: $? = 0
configure:5069: ./conftest
configure:5069: $? = 0
configure:5080: result: no
configure:5089: checking for presence of POSIX-style sigsetjmp/siglongjmp
configure:5141: /usr/local/bin/gcc -o conftest -g -O   conftest.c  >&5
conftest.c:71:1: warning: return type defaults to 'int' [-Wimplicit-int]
 main()
 ^~~~
conftest.c: In function 'main':
conftest.c:90:3: warning: implicit declaration of function 'exit' [-Wimplicit-function-declaration]
   exit(0); /* could get sigmask and compare to oset here. */
   ^~~~
conftest.c:90:3: warning: incompatible implicit declaration of built-in function 'exit'
conftest.c:90:3: note: include '<stdlib.h>' or provide a declaration of 'exit'
conftest.c:98:1: warning: incompatible implicit declaration of built-in function 'exit'
 exit(1);
 ^~~~
conftest.c:98:1: note: include '<stdlib.h>' or provide a declaration of 'exit'
configure:5141: $? = 0
configure:5141: ./conftest
configure:5141: $? = 0
configure:5152: result: present
configure:5159: checking for lstat
configure:5178: /usr/local/bin/gcc -o conftest -g -O   conftest.c  >&5
configure:5178: $? = 0
configure:5186: result: yes
configure:5194: checking whether or not strcoll and strcmp differ
configure:5244: /usr/local/bin/gcc -o conftest -g -O   conftest.c  >&5
conftest.c:71:1: warning: return type defaults to 'int' [-Wimplicit-int]
 main(c, v)
 ^~~~
conftest.c: In function 'main':
conftest.c:85:14: warning: implicit declaration of function 'strcoll' [-Wimplicit-function-declaration]
         r1 = strcoll("abd", "aXd");
              ^~~~~~~
conftest.c:89:14: warning: implicit declaration of function 'strcmp' [-Wimplicit-function-declaration]
         r2 = strcmp("abd", "aXd");
              ^~~~~~
conftest.c:98:2: warning: implicit declaration of function 'exit' [-Wimplicit-function-declaration]
  exit (r1 > 0 && r2 > 0);
  ^~~~
conftest.c:98:2: warning: incompatible implicit declaration of built-in function 'exit'
conftest.c:98:2: note: include '<stdlib.h>' or provide a declaration of 'exit'
configure:5244: $? = 0
configure:5244: ./conftest
configure:5244: $? = 1
configure: program exited with status 1
configure: failed program was:
| /* confdefs.h */
| #define PACKAGE_NAME "readline"
| #define PACKAGE_TARNAME "readline"
| #define PACKAGE_VERSION "6.3"
| #define PACKAGE_STRING "readline 6.3"
| #define PACKAGE_BUGREPORT "bug-readline@gnu.org"
| #define PACKAGE_URL ""
| #define STDC_HEADERS 1
| #define HAVE_SYS_TYPES_H 1
| #define HAVE_SYS_STAT_H 1
| #define HAVE_STDLIB_H 1
| #define HAVE_STRING_H 1
| #define HAVE_MEMORY_H 1
| #define HAVE_STRINGS_H 1
| #define HAVE_INTTYPES_H 1
| #define HAVE_STDINT_H 1
| #define HAVE_UNISTD_H 1
| #define __EXTENSIONS__ 1
| #define _ALL_SOURCE 1
| #define _GNU_SOURCE 1
| #define _POSIX_PTHREAD_SEMANTICS 1
| #define _TANDEM_SOURCE 1
| #define PROTOTYPES 1
| #define __PROTOTYPES 1
| #define RETSIGTYPE void
| #define STDC_HEADERS 1
| #define HAVE_DIRENT_H 1
| #define HAVE_FCNTL 1
| #define HAVE_KILL 1
| #define HAVE_LSTAT 1
| #define HAVE_MEMMOVE 1
| #define HAVE_PUTENV 1
| #define HAVE_SELECT 1
| #define HAVE_SETENV 1
| #define HAVE_SETLOCALE 1
| #define HAVE_STRCASECMP 1
| #define HAVE_STRPBRK 1
| #define HAVE_TCGETATTR 1
| #define HAVE_VSNPRINTF 1
| #define HAVE_ISASCII 1
| #define HAVE_ISXDIGIT 1
| #define HAVE_GETPWENT 1
| #define HAVE_GETPWNAM 1
| #define HAVE_GETPWUID 1
| #define HAVE_STRCOLL 1
| #define HAVE_FCNTL_H 1
| #define HAVE_UNISTD_H 1
| #define HAVE_STDLIB_H 1
| #define HAVE_STDARG_H 1
| #define HAVE_STDBOOL_H 1
| #define HAVE_STRING_H 1
| #define HAVE_STRINGS_H 1
| #define HAVE_LIMITS_H 1
| #define HAVE_LOCALE_H 1
| #define HAVE_PWD_H 1
| #define HAVE_MEMORY_H 1
| #define HAVE_TERMCAP_H 1
| #define HAVE_TERMIOS_H 1
| #define HAVE_SYS_SELECT_H 1
| #define HAVE_SYS_FILE_H 1
| #define HAVE_POSIX_SIGNALS 1
| #define HAVE_POSIX_SIGSETJMP 1
| #define HAVE_LSTAT 1
| /* end confdefs.h.  */
| 
| #include <stdio.h>
| #if defined (HAVE_LOCALE_H)
| #include <locale.h>
| #endif
| 
| main(c, v)
| int     c;
| char    *v[];
| {
|         int     r1, r2;
|         char    *deflocale, *defcoll;
| 
| #ifdef HAVE_SETLOCALE
|         deflocale = setlocale(LC_ALL, "");
| 	defcoll = setlocale(LC_COLLATE, "");
| #endif
| 
| #ifdef HAVE_STRCOLL
| 	/* These two values are taken from tests/glob-test. */
|         r1 = strcoll("abd", "aXd");
| #else
| 	r1 = 0;
| #endif
|         r2 = strcmp("abd", "aXd");
| 
| 	/* These two should both be greater than 0.  It is permissible for
| 	   a system to return different values, as long as the sign is the
| 	   same. */
| 
|         /* Exit with 1 (failure) if these two values are both > 0, since
| 	   this tests whether strcoll(3) is broken with respect to strcmp(3)
| 	   in the default locale. */
| 	exit (r1 > 0 && r2 > 0);
| }
| 
configure:5255: result: no
configure:5263: checking whether the ctype macros accept non-ascii characters
configure:5308: /usr/local/bin/gcc -o conftest -g -O   conftest.c  >&5
conftest.c:72:1: warning: return type defaults to 'int' [-Wimplicit-int]
 main(c, v)
 ^~~~
conftest.c: In function 'main':
conftest.c:93:2: warning: implicit declaration of function 'exit' [-Wimplicit-function-declaration]
  exit (r1 == 0 || r2 == 0);
  ^~~~
conftest.c:93:2: warning: incompatible implicit declaration of built-in function 'exit'
conftest.c:93:2: note: include '<stdlib.h>' or provide a declaration of 'exit'
configure:5308: $? = 0
configure:5308: ./conftest
configure:5308: $? = 0
configure:5319: result: yes
configure:5327: checking whether getpw functions are declared in pwd.h
configure:5352: result: yes
configure:5360: checking whether termios.h defines TIOCGWINSZ
configure:5383: result: yes
configure:5421: checking for sig_atomic_t in signal.h
configure:5439: /usr/local/bin/gcc -o conftest -g -O   conftest.c  >&5
configure:5439: $? = 0
configure:5447: result: yes
configure:5464: checking whether signal handlers are of type void
configure:5488: /usr/local/bin/gcc -c -g -O  conftest.c >&5
configure:5488: $? = 0
configure:5495: result: yes
configure:5503: checking for TIOCSTAT in sys/ioctl.h
configure:5520: /usr/local/bin/gcc -c -g -O  conftest.c >&5
configure:5520: $? = 0
configure:5528: result: yes
configure:5535: checking for FIONREAD in sys/ioctl.h
configure:5552: /usr/local/bin/gcc -c -g -O  conftest.c >&5
configure:5552: $? = 0
configure:5560: result: yes
configure:5567: checking for speed_t in sys/types.h
configure:5583: /usr/local/bin/gcc -c -g -O  conftest.c >&5
conftest.c: In function 'main':
conftest.c:74:1: error: unknown type name 'speed_t'
 speed_t x;
 ^~~~~~~
configure:5583: $? = 1
configure: failed program was:
| /* confdefs.h */
| #define PACKAGE_NAME "readline"
| #define PACKAGE_TARNAME "readline"
| #define PACKAGE_VERSION "6.3"
| #define PACKAGE_STRING "readline 6.3"
| #define PACKAGE_BUGREPORT "bug-readline@gnu.org"
| #define PACKAGE_URL ""
| #define STDC_HEADERS 1
| #define HAVE_SYS_TYPES_H 1
| #define HAVE_SYS_STAT_H 1
| #define HAVE_STDLIB_H 1
| #define HAVE_STRING_H 1
| #define HAVE_MEMORY_H 1
| #define HAVE_STRINGS_H 1
| #define HAVE_INTTYPES_H 1
| #define HAVE_STDINT_H 1
| #define HAVE_UNISTD_H 1
| #define __EXTENSIONS__ 1
| #define _ALL_SOURCE 1
| #define _GNU_SOURCE 1
| #define _POSIX_PTHREAD_SEMANTICS 1
| #define _TANDEM_SOURCE 1
| #define PROTOTYPES 1
| #define __PROTOTYPES 1
| #define RETSIGTYPE void
| #define STDC_HEADERS 1
| #define HAVE_DIRENT_H 1
| #define HAVE_FCNTL 1
| #define HAVE_KILL 1
| #define HAVE_LSTAT 1
| #define HAVE_MEMMOVE 1
| #define HAVE_PUTENV 1
| #define HAVE_SELECT 1
| #define HAVE_SETENV 1
| #define HAVE_SETLOCALE 1
| #define HAVE_STRCASECMP 1
| #define HAVE_STRPBRK 1
| #define HAVE_TCGETATTR 1
| #define HAVE_VSNPRINTF 1
| #define HAVE_ISASCII 1
| #define HAVE_ISXDIGIT 1
| #define HAVE_GETPWENT 1
| #define HAVE_GETPWNAM 1
| #define HAVE_GETPWUID 1
| #define HAVE_STRCOLL 1
| #define HAVE_FCNTL_H 1
| #define HAVE_UNISTD_H 1
| #define HAVE_STDLIB_H 1
| #define HAVE_STDARG_H 1
| #define HAVE_STDBOOL_H 1
| #define HAVE_STRING_H 1
| #define HAVE_STRINGS_H 1
| #define HAVE_LIMITS_H 1
| #define HAVE_LOCALE_H 1
| #define HAVE_PWD_H 1
| #define HAVE_MEMORY_H 1
| #define HAVE_TERMCAP_H 1
| #define HAVE_TERMIOS_H 1
| #define HAVE_SYS_SELECT_H 1
| #define HAVE_SYS_FILE_H 1
| #define HAVE_POSIX_SIGNALS 1
| #define HAVE_POSIX_SIGSETJMP 1
| #define HAVE_LSTAT 1
| #define CTYPE_NON_ASCII 1
| #define HAVE_GETPW_DECLS 1
| #define VOID_SIGHANDLER 1
| #define TIOCSTAT_IN_SYS_IOCTL 1
| #define FIONREAD_IN_SYS_IOCTL 1
| /* end confdefs.h.  */
| #include <sys/types.h>
| int
| main ()
| {
| speed_t x;
|   ;
|   return 0;
| }
configure:5591: result: no
configure:5598: checking for struct winsize in sys/ioctl.h and termios.h
configure:5615: /usr/local/bin/gcc -c -g -O  conftest.c >&5
configure:5615: $? = 0
configure:5642: result: sys/ioctl.h
configure:5657: checking for struct dirent.d_ino
configure:5695: /usr/local/bin/gcc -c -g -O  conftest.c >&5
configure:5695: $? = 0
configure:5703: result: yes
configure:5711: checking for struct dirent.d_fileno
configure:5749: /usr/local/bin/gcc -c -g -O  conftest.c >&5
configure:5749: $? = 0
configure:5757: result: yes
configure:5765: checking whether AUDIT_USER_TTY is declared
configure:5765: /usr/local/bin/gcc -c -g -O  conftest.c >&5
conftest.c:73:25: fatal error: linux/audit.h: No such file or directory
 #include <linux/audit.h>
                         ^
compilation terminated.
configure:5765: $? = 1
configure: failed program was:
| /* confdefs.h */
| #define PACKAGE_NAME "readline"
| #define PACKAGE_TARNAME "readline"
| #define PACKAGE_VERSION "6.3"
| #define PACKAGE_STRING "readline 6.3"
| #define PACKAGE_BUGREPORT "bug-readline@gnu.org"
| #define PACKAGE_URL ""
| #define STDC_HEADERS 1
| #define HAVE_SYS_TYPES_H 1
| #define HAVE_SYS_STAT_H 1
| #define HAVE_STDLIB_H 1
| #define HAVE_STRING_H 1
| #define HAVE_MEMORY_H 1
| #define HAVE_STRINGS_H 1
| #define HAVE_INTTYPES_H 1
| #define HAVE_STDINT_H 1
| #define HAVE_UNISTD_H 1
| #define __EXTENSIONS__ 1
| #define _ALL_SOURCE 1
| #define _GNU_SOURCE 1
| #define _POSIX_PTHREAD_SEMANTICS 1
| #define _TANDEM_SOURCE 1
| #define PROTOTYPES 1
| #define __PROTOTYPES 1
| #define RETSIGTYPE void
| #define STDC_HEADERS 1
| #define HAVE_DIRENT_H 1
| #define HAVE_FCNTL 1
| #define HAVE_KILL 1
| #define HAVE_LSTAT 1
| #define HAVE_MEMMOVE 1
| #define HAVE_PUTENV 1
| #define HAVE_SELECT 1
| #define HAVE_SETENV 1
| #define HAVE_SETLOCALE 1
| #define HAVE_STRCASECMP 1
| #define HAVE_STRPBRK 1
| #define HAVE_TCGETATTR 1
| #define HAVE_VSNPRINTF 1
| #define HAVE_ISASCII 1
| #define HAVE_ISXDIGIT 1
| #define HAVE_GETPWENT 1
| #define HAVE_GETPWNAM 1
| #define HAVE_GETPWUID 1
| #define HAVE_STRCOLL 1
| #define HAVE_FCNTL_H 1
| #define HAVE_UNISTD_H 1
| #define HAVE_STDLIB_H 1
| #define HAVE_STDARG_H 1
| #define HAVE_STDBOOL_H 1
| #define HAVE_STRING_H 1
| #define HAVE_STRINGS_H 1
| #define HAVE_LIMITS_H 1
| #define HAVE_LOCALE_H 1
| #define HAVE_PWD_H 1
| #define HAVE_MEMORY_H 1
| #define HAVE_TERMCAP_H 1
| #define HAVE_TERMIOS_H 1
| #define HAVE_SYS_SELECT_H 1
| #define HAVE_SYS_FILE_H 1
| #define HAVE_POSIX_SIGNALS 1
| #define HAVE_POSIX_SIGSETJMP 1
| #define HAVE_LSTAT 1
| #define CTYPE_NON_ASCII 1
| #define HAVE_GETPW_DECLS 1
| #define VOID_SIGHANDLER 1
| #define TIOCSTAT_IN_SYS_IOCTL 1
| #define FIONREAD_IN_SYS_IOCTL 1
| #define STRUCT_WINSIZE_IN_SYS_IOCTL 1
| #define HAVE_STRUCT_DIRENT_D_INO 1
| #define HAVE_STRUCT_DIRENT_D_FILENO 1
| /* end confdefs.h.  */
| #include <linux/audit.h>
| 
| int
| main ()
| {
| #ifndef AUDIT_USER_TTY
| #ifdef __cplusplus
|   (void) AUDIT_USER_TTY;
| #else
|   (void) AUDIT_USER_TTY;
| #endif
| #endif
| 
|   ;
|   return 0;
| }
configure:5765: result: no
configure:5792: checking for tgetent
configure:5792: /usr/local/bin/gcc -o conftest -g -O   conftest.c  >&5
Undefined symbols for architecture x86_64:
  "_tgetent", referenced from:
      _main in cctK4AZn.o
ld: symbol(s) not found for architecture x86_64
collect2: error: ld returned 1 exit status
configure:5792: $? = 1
configure: failed program was:
| /* confdefs.h */
| #define PACKAGE_NAME "readline"
| #define PACKAGE_TARNAME "readline"
| #define PACKAGE_VERSION "6.3"
| #define PACKAGE_STRING "readline 6.3"
| #define PACKAGE_BUGREPORT "bug-readline@gnu.org"
| #define PACKAGE_URL ""
| #define STDC_HEADERS 1
| #define HAVE_SYS_TYPES_H 1
| #define HAVE_SYS_STAT_H 1
| #define HAVE_STDLIB_H 1
| #define HAVE_STRING_H 1
| #define HAVE_MEMORY_H 1
| #define HAVE_STRINGS_H 1
| #define HAVE_INTTYPES_H 1
| #define HAVE_STDINT_H 1
| #define HAVE_UNISTD_H 1
| #define __EXTENSIONS__ 1
| #define _ALL_SOURCE 1
| #define _GNU_SOURCE 1
| #define _POSIX_PTHREAD_SEMANTICS 1
| #define _TANDEM_SOURCE 1
| #define PROTOTYPES 1
| #define __PROTOTYPES 1
| #define RETSIGTYPE void
| #define STDC_HEADERS 1
| #define HAVE_DIRENT_H 1
| #define HAVE_FCNTL 1
| #define HAVE_KILL 1
| #define HAVE_LSTAT 1
| #define HAVE_MEMMOVE 1
| #define HAVE_PUTENV 1
| #define HAVE_SELECT 1
| #define HAVE_SETENV 1
| #define HAVE_SETLOCALE 1
| #define HAVE_STRCASECMP 1
| #define HAVE_STRPBRK 1
| #define HAVE_TCGETATTR 1
| #define HAVE_VSNPRINTF 1
| #define HAVE_ISASCII 1
| #define HAVE_ISXDIGIT 1
| #define HAVE_GETPWENT 1
| #define HAVE_GETPWNAM 1
| #define HAVE_GETPWUID 1
| #define HAVE_STRCOLL 1
| #define HAVE_FCNTL_H 1
| #define HAVE_UNISTD_H 1
| #define HAVE_STDLIB_H 1
| #define HAVE_STDARG_H 1
| #define HAVE_STDBOOL_H 1
| #define HAVE_STRING_H 1
| #define HAVE_STRINGS_H 1
| #define HAVE_LIMITS_H 1
| #define HAVE_LOCALE_H 1
| #define HAVE_PWD_H 1
| #define HAVE_MEMORY_H 1
| #define HAVE_TERMCAP_H 1
| #define HAVE_TERMIOS_H 1
| #define HAVE_SYS_SELECT_H 1
| #define HAVE_SYS_FILE_H 1
| #define HAVE_POSIX_SIGNALS 1
| #define HAVE_POSIX_SIGSETJMP 1
| #define HAVE_LSTAT 1
| #define CTYPE_NON_ASCII 1
| #define HAVE_GETPW_DECLS 1
| #define VOID_SIGHANDLER 1
| #define TIOCSTAT_IN_SYS_IOCTL 1
| #define FIONREAD_IN_SYS_IOCTL 1
| #define STRUCT_WINSIZE_IN_SYS_IOCTL 1
| #define HAVE_STRUCT_DIRENT_D_INO 1
| #define HAVE_STRUCT_DIRENT_D_FILENO 1
| #define HAVE_DECL_AUDIT_USER_TTY 0
| /* end confdefs.h.  */
| /* Define tgetent to an innocuous variant, in case <limits.h> declares tgetent.
|    For example, HP-UX 11i <limits.h> declares gettimeofday.  */
| #define tgetent innocuous_tgetent
| 
| /* System header to define __stub macros and hopefully few prototypes,
|     which can conflict with char tgetent (); below.
|     Prefer <limits.h> to <assert.h> if __STDC__ is defined, since
|     <limits.h> exists even on freestanding compilers.  */
| 
| #ifdef __STDC__
| # include <limits.h>
| #else
| # include <assert.h>
| #endif
| 
| #undef tgetent
| 
| /* Override any GCC internal prototype to avoid an error.
|    Use char because int might match the return type of a GCC
|    builtin and then its argument prototype would still apply.  */
| #ifdef __cplusplus
| extern "C"
| #endif
| char tgetent ();
| /* The GNU C library defines this for functions which it implements
|     to always fail with ENOSYS.  Some functions are actually named
|     something starting with __ and the normal name is an alias.  */
| #if defined __stub_tgetent || defined __stub___tgetent
| choke me
| #endif
| 
| int
| main ()
| {
| return tgetent ();
|   ;
|   return 0;
| }
configure:5792: result: no
configure:5796: checking for tgetent in -ltermcap
configure:5821: /usr/local/bin/gcc -o conftest -g -O   conftest.c -ltermcap   >&5
configure:5821: $? = 0
configure:5830: result: yes
configure:5966: checking which library has the termcap functions
configure:5969: result: using libtermcap
configure:6003: checking wctype.h usability
configure:6003: /usr/local/bin/gcc -c -g -O  conftest.c >&5
configure:6003: $? = 0
configure:6003: result: yes
configure:6003: checking wctype.h presence
configure:6003: /usr/local/bin/gcc -E  conftest.c
configure:6003: $? = 0
configure:6003: result: yes
configure:6003: checking for wctype.h
configure:6003: result: yes
configure:6015: checking wchar.h usability
configure:6015: /usr/local/bin/gcc -c -g -O  conftest.c >&5
configure:6015: $? = 0
configure:6015: result: yes
configure:6015: checking wchar.h presence
configure:6015: /usr/local/bin/gcc -E  conftest.c
configure:6015: $? = 0
configure:6015: result: yes
configure:6015: checking for wchar.h
configure:6015: result: yes
configure:6027: checking langinfo.h usability
configure:6027: /usr/local/bin/gcc -c -g -O  conftest.c >&5
configure:6027: $? = 0
configure:6027: result: yes
configure:6027: checking langinfo.h presence
configure:6027: /usr/local/bin/gcc -E  conftest.c
configure:6027: $? = 0
configure:6027: result: yes
configure:6027: checking for langinfo.h
configure:6027: result: yes
configure:6038: checking for mbrlen
configure:6038: /usr/local/bin/gcc -o conftest -g -O   conftest.c  >&5
configure:6038: $? = 0
configure:6038: result: yes
configure:6044: checking for mbscasecmp
configure:6044: /usr/local/bin/gcc -o conftest -g -O   conftest.c  >&5
Undefined symbols for architecture x86_64:
  "_mbscasecmp", referenced from:
      _main in ccod3dOl.o
ld: symbol(s) not found for architecture x86_64
collect2: error: ld returned 1 exit status
configure:6044: $? = 1
configure: failed program was:
| /* confdefs.h */
| #define PACKAGE_NAME "readline"
| #define PACKAGE_TARNAME "readline"
| #define PACKAGE_VERSION "6.3"
| #define PACKAGE_STRING "readline 6.3"
| #define PACKAGE_BUGREPORT "bug-readline@gnu.org"
| #define PACKAGE_URL ""
| #define STDC_HEADERS 1
| #define HAVE_SYS_TYPES_H 1
| #define HAVE_SYS_STAT_H 1
| #define HAVE_STDLIB_H 1
| #define HAVE_STRING_H 1
| #define HAVE_MEMORY_H 1
| #define HAVE_STRINGS_H 1
| #define HAVE_INTTYPES_H 1
| #define HAVE_STDINT_H 1
| #define HAVE_UNISTD_H 1
| #define __EXTENSIONS__ 1
| #define _ALL_SOURCE 1
| #define _GNU_SOURCE 1
| #define _POSIX_PTHREAD_SEMANTICS 1
| #define _TANDEM_SOURCE 1
| #define PROTOTYPES 1
| #define __PROTOTYPES 1
| #define RETSIGTYPE void
| #define STDC_HEADERS 1
| #define HAVE_DIRENT_H 1
| #define HAVE_FCNTL 1
| #define HAVE_KILL 1
| #define HAVE_LSTAT 1
| #define HAVE_MEMMOVE 1
| #define HAVE_PUTENV 1
| #define HAVE_SELECT 1
| #define HAVE_SETENV 1
| #define HAVE_SETLOCALE 1
| #define HAVE_STRCASECMP 1
| #define HAVE_STRPBRK 1
| #define HAVE_TCGETATTR 1
| #define HAVE_VSNPRINTF 1
| #define HAVE_ISASCII 1
| #define HAVE_ISXDIGIT 1
| #define HAVE_GETPWENT 1
| #define HAVE_GETPWNAM 1
| #define HAVE_GETPWUID 1
| #define HAVE_STRCOLL 1
| #define HAVE_FCNTL_H 1
| #define HAVE_UNISTD_H 1
| #define HAVE_STDLIB_H 1
| #define HAVE_STDARG_H 1
| #define HAVE_STDBOOL_H 1
| #define HAVE_STRING_H 1
| #define HAVE_STRINGS_H 1
| #define HAVE_LIMITS_H 1
| #define HAVE_LOCALE_H 1
| #define HAVE_PWD_H 1
| #define HAVE_MEMORY_H 1
| #define HAVE_TERMCAP_H 1
| #define HAVE_TERMIOS_H 1
| #define HAVE_SYS_SELECT_H 1
| #define HAVE_SYS_FILE_H 1
| #define HAVE_POSIX_SIGNALS 1
| #define HAVE_POSIX_SIGSETJMP 1
| #define HAVE_LSTAT 1
| #define CTYPE_NON_ASCII 1
| #define HAVE_GETPW_DECLS 1
| #define VOID_SIGHANDLER 1
| #define TIOCSTAT_IN_SYS_IOCTL 1
| #define FIONREAD_IN_SYS_IOCTL 1
| #define STRUCT_WINSIZE_IN_SYS_IOCTL 1
| #define HAVE_STRUCT_DIRENT_D_INO 1
| #define HAVE_STRUCT_DIRENT_D_FILENO 1
| #define HAVE_DECL_AUDIT_USER_TTY 0
| #define HAVE_WCTYPE_H 1
| #define HAVE_WCHAR_H 1
| #define HAVE_LANGINFO_H 1
| #define HAVE_MBRLEN 1
| /* end confdefs.h.  */
| /* Define mbscasecmp to an innocuous variant, in case <limits.h> declares mbscasecmp.
|    For example, HP-UX 11i <limits.h> declares gettimeofday.  */
| #define mbscasecmp innocuous_mbscasecmp
| 
| /* System header to define __stub macros and hopefully few prototypes,
|     which can conflict with char mbscasecmp (); below.
|     Prefer <limits.h> to <assert.h> if __STDC__ is defined, since
|     <limits.h> exists even on freestanding compilers.  */
| 
| #ifdef __STDC__
| # include <limits.h>
| #else
| # include <assert.h>
| #endif
| 
| #undef mbscasecmp
| 
| /* Override any GCC internal prototype to avoid an error.
|    Use char because int might match the return type of a GCC
|    builtin and then its argument prototype would still apply.  */
| #ifdef __cplusplus
| extern "C"
| #endif
| char mbscasecmp ();
| /* The GNU C library defines this for functions which it implements
|     to always fail with ENOSYS.  Some functions are actually named
|     something starting with __ and the normal name is an alias.  */
| #if defined __stub_mbscasecmp || defined __stub___mbscasecmp
| choke me
| #endif
| 
| int
| main ()
| {
| return mbscasecmp ();
|   ;
|   return 0;
| }
configure:6044: result: no
configure:6050: checking for mbscmp
configure:6050: /usr/local/bin/gcc -o conftest -g -O   conftest.c  >&5
Undefined symbols for architecture x86_64:
  "_mbscmp", referenced from:
      _main in cc6jDSDH.o
ld: symbol(s) not found for architecture x86_64
collect2: error: ld returned 1 exit status
configure:6050: $? = 1
configure: failed program was:
| /* confdefs.h */
| #define PACKAGE_NAME "readline"
| #define PACKAGE_TARNAME "readline"
| #define PACKAGE_VERSION "6.3"
| #define PACKAGE_STRING "readline 6.3"
| #define PACKAGE_BUGREPORT "bug-readline@gnu.org"
| #define PACKAGE_URL ""
| #define STDC_HEADERS 1
| #define HAVE_SYS_TYPES_H 1
| #define HAVE_SYS_STAT_H 1
| #define HAVE_STDLIB_H 1
| #define HAVE_STRING_H 1
| #define HAVE_MEMORY_H 1
| #define HAVE_STRINGS_H 1
| #define HAVE_INTTYPES_H 1
| #define HAVE_STDINT_H 1
| #define HAVE_UNISTD_H 1
| #define __EXTENSIONS__ 1
| #define _ALL_SOURCE 1
| #define _GNU_SOURCE 1
| #define _POSIX_PTHREAD_SEMANTICS 1
| #define _TANDEM_SOURCE 1
| #define PROTOTYPES 1
| #define __PROTOTYPES 1
| #define RETSIGTYPE void
| #define STDC_HEADERS 1
| #define HAVE_DIRENT_H 1
| #define HAVE_FCNTL 1
| #define HAVE_KILL 1
| #define HAVE_LSTAT 1
| #define HAVE_MEMMOVE 1
| #define HAVE_PUTENV 1
| #define HAVE_SELECT 1
| #define HAVE_SETENV 1
| #define HAVE_SETLOCALE 1
| #define HAVE_STRCASECMP 1
| #define HAVE_STRPBRK 1
| #define HAVE_TCGETATTR 1
| #define HAVE_VSNPRINTF 1
| #define HAVE_ISASCII 1
| #define HAVE_ISXDIGIT 1
| #define HAVE_GETPWENT 1
| #define HAVE_GETPWNAM 1
| #define HAVE_GETPWUID 1
| #define HAVE_STRCOLL 1
| #define HAVE_FCNTL_H 1
| #define HAVE_UNISTD_H 1
| #define HAVE_STDLIB_H 1
| #define HAVE_STDARG_H 1
| #define HAVE_STDBOOL_H 1
| #define HAVE_STRING_H 1
| #define HAVE_STRINGS_H 1
| #define HAVE_LIMITS_H 1
| #define HAVE_LOCALE_H 1
| #define HAVE_PWD_H 1
| #define HAVE_MEMORY_H 1
| #define HAVE_TERMCAP_H 1
| #define HAVE_TERMIOS_H 1
| #define HAVE_SYS_SELECT_H 1
| #define HAVE_SYS_FILE_H 1
| #define HAVE_POSIX_SIGNALS 1
| #define HAVE_POSIX_SIGSETJMP 1
| #define HAVE_LSTAT 1
| #define CTYPE_NON_ASCII 1
| #define HAVE_GETPW_DECLS 1
| #define VOID_SIGHANDLER 1
| #define TIOCSTAT_IN_SYS_IOCTL 1
| #define FIONREAD_IN_SYS_IOCTL 1
| #define STRUCT_WINSIZE_IN_SYS_IOCTL 1
| #define HAVE_STRUCT_DIRENT_D_INO 1
| #define HAVE_STRUCT_DIRENT_D_FILENO 1
| #define HAVE_DECL_AUDIT_USER_TTY 0
| #define HAVE_WCTYPE_H 1
| #define HAVE_WCHAR_H 1
| #define HAVE_LANGINFO_H 1
| #define HAVE_MBRLEN 1
| /* end confdefs.h.  */
| /* Define mbscmp to an innocuous variant, in case <limits.h> declares mbscmp.
|    For example, HP-UX 11i <limits.h> declares gettimeofday.  */
| #define mbscmp innocuous_mbscmp
| 
| /* System header to define __stub macros and hopefully few prototypes,
|     which can conflict with char mbscmp (); below.
|     Prefer <limits.h> to <assert.h> if __STDC__ is defined, since
|     <limits.h> exists even on freestanding compilers.  */
| 
| #ifdef __STDC__
| # include <limits.h>
| #else
| # include <assert.h>
| #endif
| 
| #undef mbscmp
| 
| /* Override any GCC internal prototype to avoid an error.
|    Use char because int might match the return type of a GCC
|    builtin and then its argument prototype would still apply.  */
| #ifdef __cplusplus
| extern "C"
| #endif
| char mbscmp ();
| /* The GNU C library defines this for functions which it implements
|     to always fail with ENOSYS.  Some functions are actually named
|     something starting with __ and the normal name is an alias.  */
| #if defined __stub_mbscmp || defined __stub___mbscmp
| choke me
| #endif
| 
| int
| main ()
| {
| return mbscmp ();
|   ;
|   return 0;
| }
configure:6050: result: no
configure:6056: checking for mbsnrtowcs
configure:6056: /usr/local/bin/gcc -o conftest -g -O   conftest.c  >&5
configure:6056: $? = 0
configure:6056: result: yes
configure:6062: checking for mbsrtowcs
configure:6062: /usr/local/bin/gcc -o conftest -g -O   conftest.c  >&5
configure:6062: $? = 0
configure:6062: result: yes
configure:6069: checking for mbschr
configure:6069: /usr/local/bin/gcc -o conftest -g -O   conftest.c  >&5
Undefined symbols for architecture x86_64:
  "_mbschr", referenced from:
      _main in ccqDvl8O.o
ld: symbol(s) not found for architecture x86_64
collect2: error: ld returned 1 exit status
configure:6069: $? = 1
configure: failed program was:
| /* confdefs.h */
| #define PACKAGE_NAME "readline"
| #define PACKAGE_TARNAME "readline"
| #define PACKAGE_VERSION "6.3"
| #define PACKAGE_STRING "readline 6.3"
| #define PACKAGE_BUGREPORT "bug-readline@gnu.org"
| #define PACKAGE_URL ""
| #define STDC_HEADERS 1
| #define HAVE_SYS_TYPES_H 1
| #define HAVE_SYS_STAT_H 1
| #define HAVE_STDLIB_H 1
| #define HAVE_STRING_H 1
| #define HAVE_MEMORY_H 1
| #define HAVE_STRINGS_H 1
| #define HAVE_INTTYPES_H 1
| #define HAVE_STDINT_H 1
| #define HAVE_UNISTD_H 1
| #define __EXTENSIONS__ 1
| #define _ALL_SOURCE 1
| #define _GNU_SOURCE 1
| #define _POSIX_PTHREAD_SEMANTICS 1
| #define _TANDEM_SOURCE 1
| #define PROTOTYPES 1
| #define __PROTOTYPES 1
| #define RETSIGTYPE void
| #define STDC_HEADERS 1
| #define HAVE_DIRENT_H 1
| #define HAVE_FCNTL 1
| #define HAVE_KILL 1
| #define HAVE_LSTAT 1
| #define HAVE_MEMMOVE 1
| #define HAVE_PUTENV 1
| #define HAVE_SELECT 1
| #define HAVE_SETENV 1
| #define HAVE_SETLOCALE 1
| #define HAVE_STRCASECMP 1
| #define HAVE_STRPBRK 1
| #define HAVE_TCGETATTR 1
| #define HAVE_VSNPRINTF 1
| #define HAVE_ISASCII 1
| #define HAVE_ISXDIGIT 1
| #define HAVE_GETPWENT 1
| #define HAVE_GETPWNAM 1
| #define HAVE_GETPWUID 1
| #define HAVE_STRCOLL 1
| #define HAVE_FCNTL_H 1
| #define HAVE_UNISTD_H 1
| #define HAVE_STDLIB_H 1
| #define HAVE_STDARG_H 1
| #define HAVE_STDBOOL_H 1
| #define HAVE_STRING_H 1
| #define HAVE_STRINGS_H 1
| #define HAVE_LIMITS_H 1
| #define HAVE_LOCALE_H 1
| #define HAVE_PWD_H 1
| #define HAVE_MEMORY_H 1
| #define HAVE_TERMCAP_H 1
| #define HAVE_TERMIOS_H 1
| #define HAVE_SYS_SELECT_H 1
| #define HAVE_SYS_FILE_H 1
| #define HAVE_POSIX_SIGNALS 1
| #define HAVE_POSIX_SIGSETJMP 1
| #define HAVE_LSTAT 1
| #define CTYPE_NON_ASCII 1
| #define HAVE_GETPW_DECLS 1
| #define VOID_SIGHANDLER 1
| #define TIOCSTAT_IN_SYS_IOCTL 1
| #define FIONREAD_IN_SYS_IOCTL 1
| #define STRUCT_WINSIZE_IN_SYS_IOCTL 1
| #define HAVE_STRUCT_DIRENT_D_INO 1
| #define HAVE_STRUCT_DIRENT_D_FILENO 1
| #define HAVE_DECL_AUDIT_USER_TTY 0
| #define HAVE_WCTYPE_H 1
| #define HAVE_WCHAR_H 1
| #define HAVE_LANGINFO_H 1
| #define HAVE_MBRLEN 1
| #define HAVE_MBSNRTOWCS 1
| #define HAVE_MBSRTOWCS 1
| /* end confdefs.h.  */
| /* Define mbschr to an innocuous variant, in case <limits.h> declares mbschr.
|    For example, HP-UX 11i <limits.h> declares gettimeofday.  */
| #define mbschr innocuous_mbschr
| 
| /* System header to define __stub macros and hopefully few prototypes,
|     which can conflict with char mbschr (); below.
|     Prefer <limits.h> to <assert.h> if __STDC__ is defined, since
|     <limits.h> exists even on freestanding compilers.  */
| 
| #ifdef __STDC__
| # include <limits.h>
| #else
| # include <assert.h>
| #endif
| 
| #undef mbschr
| 
| /* Override any GCC internal prototype to avoid an error.
|    Use char because int might match the return type of a GCC
|    builtin and then its argument prototype would still apply.  */
| #ifdef __cplusplus
| extern "C"
| #endif
| char mbschr ();
| /* The GNU C library defines this for functions which it implements
|     to always fail with ENOSYS.  Some functions are actually named
|     something starting with __ and the normal name is an alias.  */
| #if defined __stub_mbschr || defined __stub___mbschr
| choke me
| #endif
| 
| int
| main ()
| {
| return mbschr ();
|   ;
|   return 0;
| }
configure:6069: result: no
configure:6084: checking for wcrtomb
configure:6084: /usr/local/bin/gcc -o conftest -g -O   conftest.c  >&5
configure:6084: $? = 0
configure:6084: result: yes
configure:6090: checking for wcscoll
configure:6090: /usr/local/bin/gcc -o conftest -g -O   conftest.c  >&5
configure:6090: $? = 0
configure:6090: result: yes
configure:6096: checking for wcsdup
configure:6096: /usr/local/bin/gcc -o conftest -g -O   conftest.c  >&5
configure:6096: $? = 0
configure:6096: result: yes
configure:6102: checking for wcwidth
configure:6102: /usr/local/bin/gcc -o conftest -g -O   conftest.c  >&5
configure:6102: $? = 0
configure:6102: result: yes
configure:6108: checking for wctype
configure:6108: /usr/local/bin/gcc -o conftest -g -O   conftest.c  >&5
configure:6108: $? = 0
configure:6108: result: yes
configure:6115: checking for wcswidth
configure:6115: /usr/local/bin/gcc -o conftest -g -O   conftest.c  >&5
configure:6115: $? = 0
configure:6115: result: yes
configure:6131: checking whether mbrtowc and mbstate_t are properly declared
configure:6151: /usr/local/bin/gcc -o conftest -g -O   conftest.c  >&5
configure:6151: $? = 0
configure:6159: result: yes
configure:6175: checking for iswlower
configure:6175: /usr/local/bin/gcc -o conftest -g -O   conftest.c  >&5
conftest.c:111:6: warning: conflicting types for built-in function 'iswlower'
 char iswlower ();
      ^~~~~~~~
configure:6175: $? = 0
configure:6175: result: yes
configure:6175: checking for iswupper
configure:6175: /usr/local/bin/gcc -o conftest -g -O   conftest.c  >&5
conftest.c:112:6: warning: conflicting types for built-in function 'iswupper'
 char iswupper ();
      ^~~~~~~~
configure:6175: $? = 0
configure:6175: result: yes
configure:6175: checking for towlower
configure:6175: /usr/local/bin/gcc -o conftest -g -O   conftest.c  >&5
conftest.c:113:6: warning: conflicting types for built-in function 'towlower'
 char towlower ();
      ^~~~~~~~
configure:6175: $? = 0
configure:6175: result: yes
configure:6175: checking for towupper
configure:6175: /usr/local/bin/gcc -o conftest -g -O   conftest.c  >&5
conftest.c:114:6: warning: conflicting types for built-in function 'towupper'
 char towupper ();
      ^~~~~~~~
configure:6175: $? = 0
configure:6175: result: yes
configure:6175: checking for iswctype
configure:6175: /usr/local/bin/gcc -o conftest -g -O   conftest.c  >&5
configure:6175: $? = 0
configure:6175: result: yes
configure:6185: checking for nl_langinfo and CODESET
configure:6201: /usr/local/bin/gcc -o conftest -g -O   conftest.c  >&5
configure:6201: $? = 0
configure:6209: result: yes
configure:6216: checking for wchar_t in wchar.h
configure:6236: /usr/local/bin/gcc -c -g -O  conftest.c >&5
configure:6236: $? = 0
configure:6243: result: yes
configure:6251: checking for wctype_t in wctype.h
configure:6270: /usr/local/bin/gcc -c -g -O  conftest.c >&5
configure:6270: $? = 0
configure:6277: result: yes
configure:6285: checking for wint_t in wctype.h
configure:6304: /usr/local/bin/gcc -c -g -O  conftest.c >&5
configure:6304: $? = 0
configure:6311: result: yes
configure:6319: checking for wcwidth broken with unicode combining characters
configure:6352: /usr/local/bin/gcc -o conftest -g -O   conftest.c  >&5
conftest.c:105:1: warning: return type defaults to 'int' [-Wimplicit-int]
 main(c, v)
 ^~~~
configure:6352: $? = 0
configure:6352: ./conftest
configure:6352: $? = 1
configure: program exited with status 1
configure: failed program was:
| /* confdefs.h */
| #define PACKAGE_NAME "readline"
| #define PACKAGE_TARNAME "readline"
| #define PACKAGE_VERSION "6.3"
| #define PACKAGE_STRING "readline 6.3"
| #define PACKAGE_BUGREPORT "bug-readline@gnu.org"
| #define PACKAGE_URL ""
| #define STDC_HEADERS 1
| #define HAVE_SYS_TYPES_H 1
| #define HAVE_SYS_STAT_H 1
| #define HAVE_STDLIB_H 1
| #define HAVE_STRING_H 1
| #define HAVE_MEMORY_H 1
| #define HAVE_STRINGS_H 1
| #define HAVE_INTTYPES_H 1
| #define HAVE_STDINT_H 1
| #define HAVE_UNISTD_H 1
| #define __EXTENSIONS__ 1
| #define _ALL_SOURCE 1
| #define _GNU_SOURCE 1
| #define _POSIX_PTHREAD_SEMANTICS 1
| #define _TANDEM_SOURCE 1
| #define PROTOTYPES 1
| #define __PROTOTYPES 1
| #define RETSIGTYPE void
| #define STDC_HEADERS 1
| #define HAVE_DIRENT_H 1
| #define HAVE_FCNTL 1
| #define HAVE_KILL 1
| #define HAVE_LSTAT 1
| #define HAVE_MEMMOVE 1
| #define HAVE_PUTENV 1
| #define HAVE_SELECT 1
| #define HAVE_SETENV 1
| #define HAVE_SETLOCALE 1
| #define HAVE_STRCASECMP 1
| #define HAVE_STRPBRK 1
| #define HAVE_TCGETATTR 1
| #define HAVE_VSNPRINTF 1
| #define HAVE_ISASCII 1
| #define HAVE_ISXDIGIT 1
| #define HAVE_GETPWENT 1
| #define HAVE_GETPWNAM 1
| #define HAVE_GETPWUID 1
| #define HAVE_STRCOLL 1
| #define HAVE_FCNTL_H 1
| #define HAVE_UNISTD_H 1
| #define HAVE_STDLIB_H 1
| #define HAVE_STDARG_H 1
| #define HAVE_STDBOOL_H 1
| #define HAVE_STRING_H 1
| #define HAVE_STRINGS_H 1
| #define HAVE_LIMITS_H 1
| #define HAVE_LOCALE_H 1
| #define HAVE_PWD_H 1
| #define HAVE_MEMORY_H 1
| #define HAVE_TERMCAP_H 1
| #define HAVE_TERMIOS_H 1
| #define HAVE_SYS_SELECT_H 1
| #define HAVE_SYS_FILE_H 1
| #define HAVE_POSIX_SIGNALS 1
| #define HAVE_POSIX_SIGSETJMP 1
| #define HAVE_LSTAT 1
| #define CTYPE_NON_ASCII 1
| #define HAVE_GETPW_DECLS 1
| #define VOID_SIGHANDLER 1
| #define TIOCSTAT_IN_SYS_IOCTL 1
| #define FIONREAD_IN_SYS_IOCTL 1
| #define STRUCT_WINSIZE_IN_SYS_IOCTL 1
| #define HAVE_STRUCT_DIRENT_D_INO 1
| #define HAVE_STRUCT_DIRENT_D_FILENO 1
| #define HAVE_DECL_AUDIT_USER_TTY 0
| #define HAVE_WCTYPE_H 1
| #define HAVE_WCHAR_H 1
| #define HAVE_LANGINFO_H 1
| #define HAVE_MBRLEN 1
| #define HAVE_MBSNRTOWCS 1
| #define HAVE_MBSRTOWCS 1
| #define HAVE_WCRTOMB 1
| #define HAVE_WCSCOLL 1
| #define HAVE_WCSDUP 1
| #define HAVE_WCWIDTH 1
| #define HAVE_WCTYPE 1
| #define HAVE_WCSWIDTH 1
| #define HAVE_MBRTOWC 1
| #define HAVE_MBSTATE_T 1
| #define HAVE_ISWLOWER 1
| #define HAVE_ISWUPPER 1
| #define HAVE_TOWLOWER 1
| #define HAVE_TOWUPPER 1
| #define HAVE_ISWCTYPE 1
| #define HAVE_LANGINFO_CODESET 1
| #define HAVE_WCHAR_T 1
| #define HAVE_WCTYPE_T 1
| #define HAVE_WINT_T 1
| /* end confdefs.h.  */
| 
| #include <unistd.h>
| #include <stdlib.h>
| #include <stdio.h>
| 
| #include <locale.h>
| #include <wchar.h>
| 
| main(c, v)
| int     c;
| char    **v;
| {
|         int     w;
| 
|         setlocale(LC_ALL, "en_US.UTF-8");
|         w = wcwidth (0x0301);
|         exit (w == 0);  /* exit 0 if wcwidth broken */
| }
| 
configure:6362: result: 
configure:6404: checking configuration for building shared libraries
configure:6428: result: supported
configure:6605: creating ./config.status

## ---------------------- ##
## Running config.status. ##
## ---------------------- ##

This file was extended by readline config.status 6.3, which was
generated by GNU Autoconf 2.68.  Invocation command line was

  CONFIG_FILES    = 
  CONFIG_HEADERS  = 
  CONFIG_LINKS    = 
  CONFIG_COMMANDS = 
  $ ./config.status 

on mpetpro.local

config.status:943: creating Makefile
config.status:943: creating doc/Makefile
config.status:943: creating examples/Makefile
config.status:943: creating shlib/Makefile
config.status:943: creating config.h
config.status:1132: executing default commands

## ---------------- ##
## Cache variables. ##
## ---------------- ##

ac_cv_build=x86_64-apple-darwin15.5.0
ac_cv_c_char_unsigned=no
ac_cv_c_compiler_gnu=yes
ac_cv_c_const=yes
ac_cv_c_volatile=yes
ac_cv_env_CC_set=set
ac_cv_env_CC_value=/usr/local/bin/gcc
ac_cv_env_CFLAGS_set=
ac_cv_env_CFLAGS_value=
ac_cv_env_CPPFLAGS_set=
ac_cv_env_CPPFLAGS_value=
ac_cv_env_CPP_set=
ac_cv_env_CPP_value=
ac_cv_env_LDFLAGS_set=
ac_cv_env_LDFLAGS_value=
ac_cv_env_LIBS_set=
ac_cv_env_LIBS_value=
ac_cv_env_build_alias_set=
ac_cv_env_build_alias_value=
ac_cv_env_host_alias_set=
ac_cv_env_host_alias_value=
ac_cv_env_target_alias_set=
ac_cv_env_target_alias_value=
ac_cv_func_fcntl=yes
ac_cv_func_getpwent=yes
ac_cv_func_getpwnam=yes
ac_cv_func_getpwuid=yes
ac_cv_func_isascii=yes
ac_cv_func_iswctype=yes
ac_cv_func_iswlower=yes
ac_cv_func_iswupper=yes
ac_cv_func_isxdigit=yes
ac_cv_func_kill=yes
ac_cv_func_lstat=yes
ac_cv_func_mbrlen=yes
ac_cv_func_mbrtowc=yes
ac_cv_func_mbscasecmp=no
ac_cv_func_mbschr=no
ac_cv_func_mbscmp=no
ac_cv_func_mbsnrtowcs=yes
ac_cv_func_mbsrtowcs=yes
ac_cv_func_memmove=yes
ac_cv_func_putenv=yes
ac_cv_func_select=yes
ac_cv_func_setenv=yes
ac_cv_func_setlocale=yes
ac_cv_func_strcasecmp=yes
ac_cv_func_strcoll_works=yes
ac_cv_func_strpbrk=yes
ac_cv_func_tcgetattr=yes
ac_cv_func_tgetent=no
ac_cv_func_towlower=yes
ac_cv_func_towupper=yes
ac_cv_func_vsnprintf=yes
ac_cv_func_wcrtomb=yes
ac_cv_func_wcscoll=yes
ac_cv_func_wcsdup=yes
ac_cv_func_wcswidth=yes
ac_cv_func_wctype=yes
ac_cv_func_wcwidth=yes
ac_cv_have_decl_AUDIT_USER_TTY=no
ac_cv_have_sig_atomic_t=yes
ac_cv_header_dirent_dirent_h=yes
ac_cv_header_fcntl_h=yes
ac_cv_header_inttypes_h=yes
ac_cv_header_langinfo_h=yes
ac_cv_header_limits_h=yes
ac_cv_header_locale_h=yes
ac_cv_header_memory_h=yes
ac_cv_header_minix_config_h=no
ac_cv_header_pwd_h=yes
ac_cv_header_stat_broken=no
ac_cv_header_stdarg_h=yes
ac_cv_header_stdbool_h=yes
ac_cv_header_stdc=yes
ac_cv_header_stdint_h=yes
ac_cv_header_stdlib_h=yes
ac_cv_header_string_h=yes
ac_cv_header_strings_h=yes
ac_cv_header_sys_file_h=yes
ac_cv_header_sys_pte_h=no
ac_cv_header_sys_ptem_h=no
ac_cv_header_sys_select_h=yes
ac_cv_header_sys_stat_h=yes
ac_cv_header_sys_stream_h=no
ac_cv_header_sys_types_h=yes
ac_cv_header_termcap_h=yes
ac_cv_header_termio_h=no
ac_cv_header_termios_h=yes
ac_cv_header_unistd_h=yes
ac_cv_header_varargs_h=no
ac_cv_header_wchar_h=yes
ac_cv_header_wctype_h=yes
ac_cv_host=x86_64-apple-darwin15.5.0
ac_cv_lib_termcap_tgetent=yes
ac_cv_objext=o
ac_cv_path_EGREP='/usr/bin/grep -E'
ac_cv_path_GREP=/usr/bin/grep
ac_cv_path_install='/usr/bin/install -c'
ac_cv_prog_CPP='/usr/local/bin/gcc -E'
ac_cv_prog_ac_ct_AR=ar
ac_cv_prog_ac_ct_CC=/usr/local/bin/gcc
ac_cv_prog_ac_ct_RANLIB=ranlib
ac_cv_prog_cc_c89=
ac_cv_prog_cc_g=yes
ac_cv_prog_gcc_traditional=no
ac_cv_prog_make_make_set=yes
ac_cv_safe_to_define___extensions__=yes
ac_cv_search_opendir='none required'
ac_cv_sys_file_offset_bits=no
ac_cv_sys_largefile_CC=no
ac_cv_sys_tiocgwinsz_in_termios_h=yes
ac_cv_type_signal=void
ac_cv_type_size_t=yes
ac_cv_type_ssize_t=yes
bash_cv_dirent_has_d_fileno=yes
bash_cv_dirent_has_dino=yes
bash_cv_fionread_in_ioctl=yes
bash_cv_func_ctype_nonascii=yes
bash_cv_func_lstat=yes
bash_cv_func_sigsetjmp=present
bash_cv_func_strcoll_broken=no
bash_cv_getpw_declared=yes
bash_cv_langinfo_codeset=yes
bash_cv_must_reinstall_sighandlers=no
bash_cv_signal_vintage=posix
bash_cv_speed_t_in_sys_types=no
bash_cv_struct_winsize_header=ioctl_h
bash_cv_termcap_lib=libtermcap
bash_cv_tiocstat_in_ioctl=yes
bash_cv_type_wchar_t=yes
bash_cv_type_wctype_t=yes
bash_cv_type_wint_t=yes
bash_cv_void_sighandler=yes
bash_cv_wcwdith_broken=no

## ----------------- ##
## Output variables. ##
## ----------------- ##

AR='ar'
ARFLAGS='cr'
BUILD_DIR='/Users/habarahideaki/Documents/hayashi/epochmate/visiter/include/readline-6.3'
CC='/usr/local/bin/gcc'
CFLAGS='-g -O'
CPP='/usr/local/bin/gcc -E'
CPPFLAGS=''
CROSS_COMPILE=''
DEFS='-DHAVE_CONFIG_H'
ECHO_C='\c'
ECHO_N=''
ECHO_T=''
EGREP='/usr/bin/grep -E'
EXEEXT=''
GREP='/usr/bin/grep'
INSTALL_DATA='${INSTALL} -m 644'
INSTALL_PROGRAM='${INSTALL}'
INSTALL_SCRIPT='${INSTALL}'
LDFLAGS=''
LIBOBJS=' ${LIBOBJDIR}mbschr$U.o'
LIBS=''
LIBVERSION='6.3'
LOCAL_CFLAGS=''
LOCAL_DEFS=''
LOCAL_LDFLAGS=''
LTLIBOBJS=' ${LIBOBJDIR}mbschr$U.lo'
MAKE_SHELL='/bin/sh'
OBJEXT='o'
PACKAGE_BUGREPORT='bug-readline@gnu.org'
PACKAGE_NAME='readline'
PACKAGE_STRING='readline 6.3'
PACKAGE_TARNAME='readline'
PACKAGE_URL=''
PACKAGE_VERSION='6.3'
PATH_SEPARATOR=':'
PURIFY=''
RANLIB='ranlib'
SET_MAKE=''
SHARED_INSTALL_TARGET='install-shared'
SHARED_TARGET='shared'
SHELL='/bin/sh'
SHLIB_DLLVERSION='$(SHLIB_MAJOR)'
SHLIB_DOT='.'
SHLIB_LIBPREF='lib'
SHLIB_LIBS='-lncurses'
SHLIB_LIBSUFF='dylib'
SHLIB_LIBVERSION='$(SHLIB_MAJOR)$(SHLIB_MINOR).$(SHLIB_LIBSUFF)'
SHLIB_MAJOR='6'
SHLIB_MINOR='3'
SHLIB_STATUS='supported'
SHLIB_XLDFLAGS='-dynamiclib -install_name $(libdir)/`echo $@ | sed "s:\..*::"`.$(SHLIB_MAJOR).$(SHLIB_LIBSUFF) -current_version $(SHLIB_MAJOR)$(SHLIB_MINOR) -compatibility_version $(SHLIB_MAJOR) -v'
SHOBJ_CC='/usr/local/bin/gcc'
SHOBJ_CFLAGS='-fno-common'
SHOBJ_LD='${CC}'
SHOBJ_LDFLAGS='-dynamiclib -dynamic -undefined dynamic_lookup '
SHOBJ_LIBS=''
SHOBJ_STATUS='supported'
SHOBJ_XLDFLAGS=''
STATIC_INSTALL_TARGET='install-static'
STATIC_TARGET='static'
TERMCAP_LIB='-lcurses'
ac_ct_CC='/usr/local/bin/gcc'
bindir='${exec_prefix}/bin'
build='x86_64-apple-darwin15.5.0'
build_alias=''
build_cpu='x86_64'
build_os='darwin15.5.0'
build_vendor='apple'
datadir='${datarootdir}'
datarootdir='${prefix}/share'
docdir='${datarootdir}/doc/${PACKAGE_TARNAME}'
dvidir='${docdir}'
exec_prefix='${prefix}'
host='x86_64-apple-darwin15.5.0'
host_alias=''
host_cpu='x86_64'
host_os='darwin15.5.0'
host_vendor='apple'
htmldir='${docdir}'
includedir='${prefix}/include'
infodir='${datarootdir}/info'
libdir='${exec_prefix}/lib'
libexecdir='${exec_prefix}/libexec'
localedir='${datarootdir}/locale'
localstatedir='${prefix}/var'
mandir='${datarootdir}/man'
oldincludedir='/usr/include'
pdfdir='${docdir}'
prefix='/Users/habarahideaki/Documents/hayashi/epochmate/visiter/include/readline-6.3/../..'
program_transform_name='s,x,x,'
psdir='${docdir}'
sbindir='${exec_prefix}/sbin'
sharedstatedir='${prefix}/com'
sysconfdir='${prefix}/etc'
target_alias=''

## ----------- ##
## confdefs.h. ##
## ----------- ##

/* confdefs.h */
#define PACKAGE_NAME "readline"
#define PACKAGE_TARNAME "readline"
#define PACKAGE_VERSION "6.3"
#define PACKAGE_STRING "readline 6.3"
#define PACKAGE_BUGREPORT "bug-readline@gnu.org"
#define PACKAGE_URL ""
#define STDC_HEADERS 1
#define HAVE_SYS_TYPES_H 1
#define HAVE_SYS_STAT_H 1
#define HAVE_STDLIB_H 1
#define HAVE_STRING_H 1
#define HAVE_MEMORY_H 1
#define HAVE_STRINGS_H 1
#define HAVE_INTTYPES_H 1
#define HAVE_STDINT_H 1
#define HAVE_UNISTD_H 1
#define __EXTENSIONS__ 1
#define _ALL_SOURCE 1
#define _GNU_SOURCE 1
#define _POSIX_PTHREAD_SEMANTICS 1
#define _TANDEM_SOURCE 1
#define PROTOTYPES 1
#define __PROTOTYPES 1
#define RETSIGTYPE void
#define STDC_HEADERS 1
#define HAVE_DIRENT_H 1
#define HAVE_FCNTL 1
#define HAVE_KILL 1
#define HAVE_LSTAT 1
#define HAVE_MEMMOVE 1
#define HAVE_PUTENV 1
#define HAVE_SELECT 1
#define HAVE_SETENV 1
#define HAVE_SETLOCALE 1
#define HAVE_STRCASECMP 1
#define HAVE_STRPBRK 1
#define HAVE_TCGETATTR 1
#define HAVE_VSNPRINTF 1
#define HAVE_ISASCII 1
#define HAVE_ISXDIGIT 1
#define HAVE_GETPWENT 1
#define HAVE_GETPWNAM 1
#define HAVE_GETPWUID 1
#define HAVE_STRCOLL 1
#define HAVE_FCNTL_H 1
#define HAVE_UNISTD_H 1
#define HAVE_STDLIB_H 1
#define HAVE_STDARG_H 1
#define HAVE_STDBOOL_H 1
#define HAVE_STRING_H 1
#define HAVE_STRINGS_H 1
#define HAVE_LIMITS_H 1
#define HAVE_LOCALE_H 1
#define HAVE_PWD_H 1
#define HAVE_MEMORY_H 1
#define HAVE_TERMCAP_H 1
#define HAVE_TERMIOS_H 1
#define HAVE_SYS_SELECT_H 1
#define HAVE_SYS_FILE_H 1
#define HAVE_POSIX_SIGNALS 1
#define HAVE_POSIX_SIGSETJMP 1
#define HAVE_LSTAT 1
#define CTYPE_NON_ASCII 1
#define HAVE_GETPW_DECLS 1
#define VOID_SIGHANDLER 1
#define TIOCSTAT_IN_SYS_IOCTL 1
#define FIONREAD_IN_SYS_IOCTL 1
#define STRUCT_WINSIZE_IN_SYS_IOCTL 1
#define HAVE_STRUCT_DIRENT_D_INO 1
#define HAVE_STRUCT_DIRENT_D_FILENO 1
#define HAVE_DECL_AUDIT_USER_TTY 0
#define HAVE_WCTYPE_H 1
#define HAVE_WCHAR_H 1
#define HAVE_LANGINFO_H 1
#define HAVE_MBRLEN 1
#define HAVE_MBSNRTOWCS 1
#define HAVE_MBSRTOWCS 1
#define HAVE_WCRTOMB 1
#define HAVE_WCSCOLL 1
#define HAVE_WCSDUP 1
#define HAVE_WCWIDTH 1
#define HAVE_WCTYPE 1
#define HAVE_WCSWIDTH 1
#define HAVE_MBRTOWC 1
#define HAVE_MBSTATE_T 1
#define HAVE_ISWLOWER 1
#define HAVE_ISWUPPER 1
#define HAVE_TOWLOWER 1
#define HAVE_TOWUPPER 1
#define HAVE_ISWCTYPE 1
#define HAVE_LANGINFO_CODESET 1
#define HAVE_WCHAR_T 1
#define HAVE_WCTYPE_T 1
#define HAVE_WINT_T 1

configure: exit 0
